{"/home/travis/build/npmtest/node-npmtest-blanket/test.js":{"path":"/home/travis/build/npmtest/node-npmtest-blanket/test.js","s":{"1":2,"2":2,"3":2,"4":2,"5":2,"6":2,"7":2,"8":1,"9":2,"10":2,"11":1,"12":1,"13":1,"14":1,"15":2,"16":2,"17":2,"18":2,"19":1,"20":1,"21":2,"22":2,"23":2,"24":1,"25":1,"26":1,"27":1,"28":1,"29":1,"30":1,"31":1,"32":1,"33":1,"34":1,"35":1,"36":1,"37":2,"38":2,"39":1,"40":2,"41":2,"42":1,"43":2,"44":2,"45":1,"46":2,"47":2,"48":1,"49":1,"50":1,"51":1,"52":1},"b":{"1":[2,1,1,1],"2":[1,1,1,1],"3":[1,1],"4":[1,1],"5":[1,1],"6":[1,1],"7":[1,1],"8":[1,1],"9":[1,1,1],"10":[1,1],"11":[1,1],"12":[1,1],"13":[1,1],"14":[1,1],"15":[1,1],"16":[1,1]},"f":{"1":2,"2":2,"3":2,"4":2,"5":2,"6":1,"7":1,"8":2,"9":2,"10":2,"11":2,"12":1},"fnMap":{"1":{"name":"(anonymous_1)","line":12,"loc":{"start":{"line":12,"column":1},"end":{"line":12,"column":13}}},"2":{"name":"(anonymous_2)","line":19,"loc":{"start":{"line":19,"column":5},"end":{"line":19,"column":17}}},"3":{"name":"(anonymous_3)","line":23,"loc":{"start":{"line":23,"column":24},"end":{"line":23,"column":36}}},"4":{"name":"(anonymous_4)","line":61,"loc":{"start":{"line":61,"column":5},"end":{"line":61,"column":17}}},"5":{"name":"(anonymous_5)","line":82,"loc":{"start":{"line":82,"column":5},"end":{"line":82,"column":17}}},"6":{"name":"(anonymous_6)","line":102,"loc":{"start":{"line":102,"column":83},"end":{"line":105,"column":10}},"skip":true},"7":{"name":"(anonymous_7)","line":113,"loc":{"start":{"line":113,"column":77},"end":{"line":116,"column":10}},"skip":true},"8":{"name":"(anonymous_8)","line":129,"loc":{"start":{"line":129,"column":12},"end":{"line":129,"column":40}},"skip":true},"9":{"name":"(anonymous_9)","line":137,"loc":{"start":{"line":137,"column":77},"end":{"line":140,"column":10}},"skip":true},"10":{"name":"(anonymous_10)","line":148,"loc":{"start":{"line":148,"column":83},"end":{"line":151,"column":10}},"skip":true},"11":{"name":"(anonymous_11)","line":159,"loc":{"start":{"line":159,"column":79},"end":{"line":162,"column":10}},"skip":true},"12":{"name":"(anonymous_12)","line":170,"loc":{"start":{"line":170,"column":75},"end":{"line":173,"column":10}},"skip":true}},"statementMap":{"1":{"start":{"line":12,"column":0},"end":{"line":185,"column":5}},"2":{"start":{"line":14,"column":4},"end":{"line":14,"column":14}},"3":{"start":{"line":19,"column":4},"end":{"line":56,"column":9}},"4":{"start":{"line":21,"column":8},"end":{"line":21,"column":19}},"5":{"start":{"line":23,"column":8},"end":{"line":35,"column":13}},"6":{"start":{"line":24,"column":12},"end":{"line":34,"column":13}},"7":{"start":{"line":25,"column":16},"end":{"line":28,"column":30}},"8":{"start":{"line":30,"column":16},"end":{"line":33,"column":27}},"9":{"start":{"line":37,"column":8},"end":{"line":39,"column":21}},"10":{"start":{"line":40,"column":8},"end":{"line":53,"column":9}},"11":{"start":{"line":43,"column":12},"end":{"line":46,"column":14}},"12":{"start":{"line":47,"column":12},"end":{"line":47,"column":18}},"13":{"start":{"line":50,"column":12},"end":{"line":51,"column":46}},"14":{"start":{"line":52,"column":12},"end":{"line":52,"column":18}},"15":{"start":{"line":55,"column":8},"end":{"line":55,"column":35}},"16":{"start":{"line":61,"column":4},"end":{"line":63,"column":9}},"17":{"start":{"line":62,"column":8},"end":{"line":62,"column":15}},"18":{"start":{"line":64,"column":4},"end":{"line":77,"column":5}},"19":{"start":{"line":70,"column":8},"end":{"line":70,"column":14}},"20":{"start":{"line":76,"column":8},"end":{"line":76,"column":14}},"21":{"start":{"line":82,"column":4},"end":{"line":84,"column":9}},"22":{"start":{"line":83,"column":8},"end":{"line":83,"column":15}},"23":{"start":{"line":85,"column":4},"end":{"line":184,"column":5}},"24":{"start":{"line":92,"column":8},"end":{"line":94,"column":63}},"25":{"start":{"line":95,"column":8},"end":{"line":95,"column":14}},"26":{"start":{"line":102,"column":8},"end":{"line":111,"column":10},"skip":true},"27":{"start":{"line":109,"column":12},"end":{"line":109,"column":55},"skip":true},"28":{"start":{"line":110,"column":12},"end":{"line":110,"column":48},"skip":true},"29":{"start":{"line":113,"column":8},"end":{"line":126,"column":10},"skip":true},"30":{"start":{"line":120,"column":12},"end":{"line":120,"column":76},"skip":true},"31":{"start":{"line":121,"column":12},"end":{"line":121,"column":73},"skip":true},"32":{"start":{"line":122,"column":12},"end":{"line":122,"column":74},"skip":true},"33":{"start":{"line":123,"column":12},"end":{"line":123,"column":79},"skip":true},"34":{"start":{"line":124,"column":12},"end":{"line":124,"column":25},"skip":true},"35":{"start":{"line":125,"column":12},"end":{"line":125,"column":45},"skip":true},"36":{"start":{"line":128,"column":8},"end":{"line":135,"column":14},"skip":true},"37":{"start":{"line":133,"column":16},"end":{"line":133,"column":29},"skip":true},"38":{"start":{"line":134,"column":16},"end":{"line":134,"column":55},"skip":true},"39":{"start":{"line":137,"column":8},"end":{"line":146,"column":10},"skip":true},"40":{"start":{"line":144,"column":12},"end":{"line":144,"column":25},"skip":true},"41":{"start":{"line":145,"column":12},"end":{"line":145,"column":45},"skip":true},"42":{"start":{"line":148,"column":8},"end":{"line":157,"column":10},"skip":true},"43":{"start":{"line":155,"column":12},"end":{"line":155,"column":25},"skip":true},"44":{"start":{"line":156,"column":12},"end":{"line":156,"column":48},"skip":true},"45":{"start":{"line":159,"column":8},"end":{"line":168,"column":10},"skip":true},"46":{"start":{"line":166,"column":12},"end":{"line":166,"column":25},"skip":true},"47":{"start":{"line":167,"column":12},"end":{"line":167,"column":46},"skip":true},"48":{"start":{"line":170,"column":8},"end":{"line":179,"column":10},"skip":true},"49":{"start":{"line":177,"column":12},"end":{"line":177,"column":94},"skip":true},"50":{"start":{"line":178,"column":12},"end":{"line":178,"column":48},"skip":true},"51":{"start":{"line":182,"column":8},"end":{"line":182,"column":35},"skip":true},"52":{"start":{"line":183,"column":8},"end":{"line":183,"column":14},"skip":true}},"branchMap":{"1":{"line":25,"type":"binary-expr","locations":[{"start":{"line":25,"column":23},"end":{"line":25,"column":62}},{"start":{"line":26,"column":20},"end":{"line":26,"column":70}},{"start":{"line":27,"column":20},"end":{"line":27,"column":71}},{"start":{"line":28,"column":20},"end":{"line":28,"column":29}}]},"2":{"line":30,"type":"binary-expr","locations":[{"start":{"line":30,"column":23},"end":{"line":30,"column":37}},{"start":{"line":31,"column":20},"end":{"line":31,"column":61}},{"start":{"line":32,"column":20},"end":{"line":32,"column":70}},{"start":{"line":33,"column":20},"end":{"line":33,"column":26}}]},"3":{"line":37,"type":"cond-expr","locations":[{"start":{"line":38,"column":14},"end":{"line":38,"column":20}},{"start":{"line":39,"column":14},"end":{"line":39,"column":20}}]},"4":{"line":40,"type":"switch","locations":[{"start":{"line":42,"column":8},"end":{"line":47,"column":18}},{"start":{"line":49,"column":8},"end":{"line":52,"column":18}}]},"5":{"line":44,"type":"binary-expr","locations":[{"start":{"line":44,"column":16},"end":{"line":44,"column":44}},{"start":{"line":44,"column":48},"end":{"line":44,"column":66}}]},"6":{"line":50,"type":"binary-expr","locations":[{"start":{"line":50,"column":21},"end":{"line":50,"column":49}},{"start":{"line":50,"column":53},"end":{"line":50,"column":72}}]},"7":{"line":64,"type":"switch","locations":[{"start":{"line":69,"column":4},"end":{"line":70,"column":14}},{"start":{"line":75,"column":4},"end":{"line":76,"column":14}}]},"8":{"line":85,"type":"switch","locations":[{"start":{"line":90,"column":4},"end":{"line":95,"column":14}},{"start":{"line":101,"column":4},"end":{"line":183,"column":14},"skip":true}]},"9":{"line":92,"type":"binary-expr","locations":[{"start":{"line":92,"column":18},"end":{"line":92,"column":32}},{"start":{"line":93,"column":12},"end":{"line":93,"column":53}},{"start":{"line":94,"column":12},"end":{"line":94,"column":61}}]},"10":{"line":102,"type":"binary-expr","locations":[{"start":{"line":102,"column":45},"end":{"line":102,"column":79},"skip":true},{"start":{"line":102,"column":83},"end":{"line":111,"column":9},"skip":true}]},"11":{"line":113,"type":"binary-expr","locations":[{"start":{"line":113,"column":42},"end":{"line":113,"column":73},"skip":true},{"start":{"line":113,"column":77},"end":{"line":126,"column":9},"skip":true}]},"12":{"line":128,"type":"binary-expr","locations":[{"start":{"line":128,"column":48},"end":{"line":128,"column":85},"skip":true},{"start":{"line":129,"column":12},"end":{"line":135,"column":13},"skip":true}]},"13":{"line":137,"type":"binary-expr","locations":[{"start":{"line":137,"column":42},"end":{"line":137,"column":73},"skip":true},{"start":{"line":137,"column":77},"end":{"line":146,"column":9},"skip":true}]},"14":{"line":148,"type":"binary-expr","locations":[{"start":{"line":148,"column":45},"end":{"line":148,"column":79},"skip":true},{"start":{"line":148,"column":83},"end":{"line":157,"column":9},"skip":true}]},"15":{"line":159,"type":"binary-expr","locations":[{"start":{"line":159,"column":43},"end":{"line":159,"column":75},"skip":true},{"start":{"line":159,"column":79},"end":{"line":168,"column":9},"skip":true}]},"16":{"line":170,"type":"binary-expr","locations":[{"start":{"line":170,"column":41},"end":{"line":170,"column":71},"skip":true},{"start":{"line":170,"column":75},"end":{"line":179,"column":9},"skip":true}]}},"code":["/* istanbul instrument in package npmtest_blanket */","/*jslint","    bitwise: true,","    browser: true,","    maxerr: 8,","    maxlen: 96,","    node: true,","    nomen: true,","    regexp: true,","    stupid: true","*/","(function () {","    'use strict';","    var local;","","","","    // run shared js-env code - pre-init","    (function () {","        // init local","        local = {};","        // init modeJs","        local.modeJs = (function () {","            try {","                return typeof navigator.userAgent === 'string' &&","                    typeof document.querySelector('body') === 'object' &&","                    typeof XMLHttpRequest.prototype.open === 'function' &&","                    'browser';","            } catch (errorCaughtBrowser) {","                return module.exports &&","                    typeof process.versions.node === 'string' &&","                    typeof require('http').createServer === 'function' &&","                    'node';","            }","        }());","        // init global","        local.global = local.modeJs === 'browser'","            ? window","            : global;","        switch (local.modeJs) {","        // re-init local from window.local","        case 'browser':","            local = local.global.utility2.objectSetDefault(","                local.global.utility2_rollup || local.global.local,","                local.global.utility2","            );","            break;","        // re-init local from example.js","        case 'node':","            local = (local.global.utility2_rollup || require('utility2'))","                .requireExampleJsFromReadme();","            break;","        }","        // export local","        local.global.local = local;","    }());","","","","    // run shared js-env code - function","    (function () {","        return;","    }());","    switch (local.modeJs) {","","","","    // run browser js-env code - function","    case 'browser':","        break;","","","","    // run node js-env code - function","    case 'node':","        break;","    }","","","","    // run shared js-env code - post-init","    (function () {","        return;","    }());","    switch (local.modeJs) {","","","","    // run browser js-env code - post-init","    case 'browser':","        // run tests","        local.nop(local.modeTest &&","            document.querySelector('#testRunButton1') &&","            document.querySelector('#testRunButton1').click());","        break;","","","","    // run node js-env code - post-init","    /* istanbul ignore next */","    case 'node':","        local.testCase_buildApidoc_default = local.testCase_buildApidoc_default || function (","            options,","            onError","        ) {","        /*","         * this function will test buildApidoc's default handling-behavior-behavior","         */","            options = { modulePathList: module.paths };","            local.buildApidoc(options, onError);","        };","","        local.testCase_buildApp_default = local.testCase_buildApp_default || function (","            options,","            onError","        ) {","        /*","         * this function will test buildApp's default handling-behavior-behavior","         */","            local.testCase_buildReadme_default(options, local.onErrorThrow);","            local.testCase_buildLib_default(options, local.onErrorThrow);","            local.testCase_buildTest_default(options, local.onErrorThrow);","            local.testCase_buildCustomOrg_default(options, local.onErrorThrow);","            options = [];","            local.buildApp(options, onError);","        };","","        local.testCase_buildCustomOrg_default = local.testCase_buildCustomOrg_default ||","            function (options, onError) {","            /*","             * this function will test buildCustomOrg's default handling-behavior","             */","                options = {};","                local.buildCustomOrg(options, onError);","            };","","        local.testCase_buildLib_default = local.testCase_buildLib_default || function (","            options,","            onError","        ) {","        /*","         * this function will test buildLib's default handling-behavior","         */","            options = {};","            local.buildLib(options, onError);","        };","","        local.testCase_buildReadme_default = local.testCase_buildReadme_default || function (","            options,","            onError","        ) {","        /*","         * this function will test buildReadme's default handling-behavior-behavior","         */","            options = {};","            local.buildReadme(options, onError);","        };","","        local.testCase_buildTest_default = local.testCase_buildTest_default || function (","            options,","            onError","        ) {","        /*","         * this function will test buildTest's default handling-behavior","         */","            options = {};","            local.buildTest(options, onError);","        };","","        local.testCase_webpage_default = local.testCase_webpage_default || function (","            options,","            onError","        ) {","        /*","         * this function will test webpage's default handling-behavior","         */","            options = { modeCoverageMerge: true, url: local.serverLocalHost + '?modeTest=1' };","            local.browserTest(options, onError);","        };","","        // run test-server","        local.testRunServer(local);","        break;","    }","}());",""],"l":{"12":2,"14":2,"19":2,"21":2,"23":2,"24":2,"25":2,"30":1,"37":2,"40":2,"43":1,"47":1,"50":1,"52":1,"55":2,"61":2,"62":2,"64":2,"70":1,"76":1,"82":2,"83":2,"85":2,"92":1,"95":1,"102":1,"109":1,"110":1,"113":1,"120":1,"121":1,"122":1,"123":1,"124":1,"125":1,"128":1,"133":2,"134":2,"137":1,"144":2,"145":2,"148":1,"155":2,"156":2,"159":1,"166":2,"167":2,"170":1,"177":1,"178":1,"182":1,"183":1}},"/home/travis/build/npmtest/node-npmtest-blanket/lib.npmtest_blanket.js":{"path":"/home/travis/build/npmtest/node-npmtest-blanket/lib.npmtest_blanket.js","s":{"1":2,"2":2,"3":2,"4":2,"5":2,"6":2,"7":2,"8":1,"9":2,"10":2,"11":2,"12":2,"13":1,"14":1,"15":1,"16":1},"b":{"1":[2,1,1,1],"2":[1,1,1,1],"3":[1,1],"4":[2,2],"5":[1,1]},"f":{"1":2,"2":2,"3":2},"fnMap":{"1":{"name":"(anonymous_1)","line":12,"loc":{"start":{"line":12,"column":1},"end":{"line":12,"column":13}}},"2":{"name":"(anonymous_2)","line":19,"loc":{"start":{"line":19,"column":5},"end":{"line":19,"column":17}}},"3":{"name":"(anonymous_3)","line":23,"loc":{"start":{"line":23,"column":24},"end":{"line":23,"column":36}}}},"statementMap":{"1":{"start":{"line":12,"column":0},"end":{"line":53,"column":5}},"2":{"start":{"line":14,"column":4},"end":{"line":14,"column":14}},"3":{"start":{"line":19,"column":4},"end":{"line":52,"column":9}},"4":{"start":{"line":21,"column":8},"end":{"line":21,"column":19}},"5":{"start":{"line":23,"column":8},"end":{"line":35,"column":13}},"6":{"start":{"line":24,"column":12},"end":{"line":34,"column":13}},"7":{"start":{"line":25,"column":16},"end":{"line":28,"column":30}},"8":{"start":{"line":30,"column":16},"end":{"line":33,"column":27}},"9":{"start":{"line":37,"column":8},"end":{"line":39,"column":21}},"10":{"start":{"line":41,"column":8},"end":{"line":41,"column":54}},"11":{"start":{"line":43,"column":8},"end":{"line":43,"column":52}},"12":{"start":{"line":45,"column":8},"end":{"line":51,"column":9}},"13":{"start":{"line":46,"column":12},"end":{"line":46,"column":58}},"14":{"start":{"line":48,"column":12},"end":{"line":48,"column":35}},"15":{"start":{"line":49,"column":12},"end":{"line":49,"column":49}},"16":{"start":{"line":50,"column":12},"end":{"line":50,"column":43}}},"branchMap":{"1":{"line":25,"type":"binary-expr","locations":[{"start":{"line":25,"column":23},"end":{"line":25,"column":62}},{"start":{"line":26,"column":20},"end":{"line":26,"column":70}},{"start":{"line":27,"column":20},"end":{"line":27,"column":71}},{"start":{"line":28,"column":20},"end":{"line":28,"column":29}}]},"2":{"line":30,"type":"binary-expr","locations":[{"start":{"line":30,"column":23},"end":{"line":30,"column":37}},{"start":{"line":31,"column":20},"end":{"line":31,"column":61}},{"start":{"line":32,"column":20},"end":{"line":32,"column":70}},{"start":{"line":33,"column":20},"end":{"line":33,"column":26}}]},"3":{"line":37,"type":"cond-expr","locations":[{"start":{"line":38,"column":14},"end":{"line":38,"column":20}},{"start":{"line":39,"column":14},"end":{"line":39,"column":20}}]},"4":{"line":41,"type":"binary-expr","locations":[{"start":{"line":41,"column":16},"end":{"line":41,"column":44}},{"start":{"line":41,"column":48},"end":{"line":41,"column":53}}]},"5":{"line":45,"type":"if","locations":[{"start":{"line":45,"column":8},"end":{"line":45,"column":8}},{"start":{"line":45,"column":8},"end":{"line":45,"column":8}}]}},"code":["/* istanbul instrument in package npmtest_blanket */","/*jslint","    bitwise: true,","    browser: true,","    maxerr: 8,","    maxlen: 96,","    node: true,","    nomen: true,","    regexp: true,","    stupid: true","*/","(function () {","    'use strict';","    var local;","","","","    // run shared js-env code - pre-init","    (function () {","        // init local","        local = {};","        // init modeJs","        local.modeJs = (function () {","            try {","                return typeof navigator.userAgent === 'string' &&","                    typeof document.querySelector('body') === 'object' &&","                    typeof XMLHttpRequest.prototype.open === 'function' &&","                    'browser';","            } catch (errorCaughtBrowser) {","                return module.exports &&","                    typeof process.versions.node === 'string' &&","                    typeof require('http').createServer === 'function' &&","                    'node';","            }","        }());","        // init global","        local.global = local.modeJs === 'browser'","            ? window","            : global;","        // init utility2_rollup","        local = local.global.utility2_rollup || local;","        // init lib","        local.local = local.npmtest_blanket = local;","        // init exports","        if (local.modeJs === 'browser') {","            local.global.utility2_npmtest_blanket = local;","        } else {","            module.exports = local;","            module.exports.__dirname = __dirname;","            module.exports.module = module;","        }","    }());","}());",""],"l":{"12":2,"14":2,"19":2,"21":2,"23":2,"24":2,"25":2,"30":1,"37":2,"41":2,"43":2,"45":2,"46":1,"48":1,"49":1,"50":1}},"/home/travis/build/npmtest/node-npmtest-blanket/example.js":{"path":"/home/travis/build/npmtest/node-npmtest-blanket/example.js","s":{"1":2,"2":2,"3":2,"4":2,"5":2,"6":2,"7":2,"8":1,"9":2,"10":2,"11":2,"12":2,"13":1,"14":2,"15":2,"16":2,"17":2,"18":2,"19":0,"20":2,"21":1,"22":1,"23":1,"24":1,"25":1,"26":0,"27":0,"28":1,"29":1,"30":2,"31":0,"32":0,"33":0,"34":1,"35":2,"36":2,"37":2,"38":2,"39":2,"40":2,"41":0,"42":2,"43":2,"44":2,"45":1,"46":3,"47":1,"48":1,"49":1,"50":1,"51":1,"52":1,"53":1,"54":1,"55":1,"56":1,"57":0,"58":1,"59":6,"60":6,"61":1,"62":2,"63":0,"64":2,"65":1,"66":1,"67":0,"68":0,"69":0,"70":0,"71":0,"72":0,"73":0,"74":0,"75":0,"76":0,"77":0,"78":0,"79":0,"80":0,"81":0,"82":0,"83":0},"b":{"1":[2,1,1,1],"2":[1,1,1,1],"3":[1,1],"4":[2,2],"5":[1,1],"6":[1,1],"7":[2,0],"8":[2,1,1,1,1,1],"9":[0,2,0],"10":[1,1],"11":[2,1,1],"12":[1,0],"13":[0,2],"14":[2,0,0,0,0,0,0],"15":[0,2],"16":[2,0],"17":[1,1],"18":[0,1],"19":[1,2,0,2],"20":[1,0],"21":[1,1],"22":[0,0],"23":[0,0],"24":[0,0],"25":[0,0],"26":[0,0],"27":[0,0],"28":[0,0]},"f":{"1":2,"2":2,"3":2,"4":2,"5":2,"6":2,"7":2,"8":2,"9":3,"10":1,"11":6,"12":0},"fnMap":{"1":{"name":"(anonymous_1)","line":26,"loc":{"start":{"line":26,"column":1},"end":{"line":26,"column":13}}},"2":{"name":"(anonymous_2)","line":33,"loc":{"start":{"line":33,"column":5},"end":{"line":33,"column":17}}},"3":{"name":"(anonymous_3)","line":37,"loc":{"start":{"line":37,"column":24},"end":{"line":37,"column":36}}},"4":{"name":"(anonymous_4)","line":69,"loc":{"start":{"line":69,"column":31},"end":{"line":69,"column":48}},"skip":true},"5":{"name":"(anonymous_5)","line":78,"loc":{"start":{"line":78,"column":26},"end":{"line":78,"column":45}},"skip":true},"6":{"name":"(anonymous_6)","line":123,"loc":{"start":{"line":123,"column":33},"end":{"line":123,"column":48}},"skip":true},"7":{"name":"(anonymous_7)","line":125,"loc":{"start":{"line":125,"column":27},"end":{"line":125,"column":39}},"skip":true},"8":{"name":"(anonymous_8)","line":133,"loc":{"start":{"line":133,"column":59},"end":{"line":133,"column":74}},"skip":true},"9":{"name":"(anonymous_9)","line":143,"loc":{"start":{"line":143,"column":45},"end":{"line":143,"column":62}},"skip":true},"10":{"name":"(anonymous_10)","line":144,"loc":{"start":{"line":144,"column":73},"end":{"line":144,"column":92}},"skip":true},"11":{"name":"(anonymous_11)","line":272,"loc":{"start":{"line":272,"column":51},"end":{"line":272,"column":77}},"skip":true},"12":{"name":"(anonymous_12)","line":314,"loc":{"start":{"line":314,"column":32},"end":{"line":314,"column":61}},"skip":true}},"statementMap":{"1":{"start":{"line":26,"column":0},"end":{"line":325,"column":5}},"2":{"start":{"line":28,"column":4},"end":{"line":28,"column":14}},"3":{"start":{"line":33,"column":4},"end":{"line":60,"column":9}},"4":{"start":{"line":35,"column":8},"end":{"line":35,"column":19}},"5":{"start":{"line":37,"column":8},"end":{"line":49,"column":13}},"6":{"start":{"line":38,"column":12},"end":{"line":48,"column":13}},"7":{"start":{"line":39,"column":16},"end":{"line":42,"column":30}},"8":{"start":{"line":44,"column":16},"end":{"line":47,"column":27}},"9":{"start":{"line":51,"column":8},"end":{"line":53,"column":21}},"10":{"start":{"line":55,"column":8},"end":{"line":57,"column":45}},"11":{"start":{"line":59,"column":8},"end":{"line":59,"column":35}},"12":{"start":{"line":61,"column":4},"end":{"line":324,"column":5}},"13":{"start":{"line":69,"column":8},"end":{"line":121,"column":10},"skip":true},"14":{"start":{"line":70,"column":12},"end":{"line":88,"column":13},"skip":true},"15":{"start":{"line":76,"column":16},"end":{"line":87,"column":19},"skip":true},"16":{"start":{"line":79,"column":20},"end":{"line":86,"column":21},"skip":true},"17":{"start":{"line":82,"column":24},"end":{"line":82,"column":43},"skip":true},"18":{"start":{"line":83,"column":24},"end":{"line":83,"column":30},"skip":true},"19":{"start":{"line":85,"column":24},"end":{"line":85,"column":49},"skip":true},"20":{"start":{"line":89,"column":12},"end":{"line":107,"column":13},"skip":true},"21":{"start":{"line":92,"column":16},"end":{"line":102,"column":17},"skip":true},"22":{"start":{"line":93,"column":20},"end":{"line":93,"column":86},"skip":true},"23":{"start":{"line":94,"column":20},"end":{"line":95,"column":45},"skip":true},"24":{"start":{"line":96,"column":20},"end":{"line":96,"column":42},"skip":true},"25":{"start":{"line":97,"column":20},"end":{"line":97,"column":48},"skip":true},"26":{"start":{"line":100,"column":20},"end":{"line":100,"column":85},"skip":true},"27":{"start":{"line":101,"column":20},"end":{"line":101,"column":96},"skip":true},"28":{"start":{"line":103,"column":16},"end":{"line":103,"column":22},"skip":true},"29":{"start":{"line":106,"column":16},"end":{"line":106,"column":22},"skip":true},"30":{"start":{"line":108,"column":12},"end":{"line":120,"column":13},"skip":true},"31":{"start":{"line":114,"column":16},"end":{"line":119,"column":17},"skip":true},"32":{"start":{"line":116,"column":20},"end":{"line":116,"column":78},"skip":true},"33":{"start":{"line":118,"column":20},"end":{"line":118,"column":47},"skip":true},"34":{"start":{"line":123,"column":8},"end":{"line":141,"column":11},"skip":true},"35":{"start":{"line":124,"column":12},"end":{"line":124,"column":54},"skip":true},"36":{"start":{"line":125,"column":12},"end":{"line":140,"column":14},"skip":true},"37":{"start":{"line":126,"column":16},"end":{"line":126,"column":28},"skip":true},"38":{"start":{"line":127,"column":16},"end":{"line":127,"column":69},"skip":true},"39":{"start":{"line":128,"column":16},"end":{"line":128,"column":75},"skip":true},"40":{"start":{"line":129,"column":16},"end":{"line":131,"column":17},"skip":true},"41":{"start":{"line":130,"column":20},"end":{"line":130,"column":27},"skip":true},"42":{"start":{"line":133,"column":16},"end":{"line":137,"column":36},"skip":true},"43":{"start":{"line":134,"column":20},"end":{"line":136,"column":55},"skip":true},"44":{"start":{"line":139,"column":16},"end":{"line":139,"column":57},"skip":true},"45":{"start":{"line":143,"column":8},"end":{"line":147,"column":11},"skip":true},"46":{"start":{"line":144,"column":12},"end":{"line":146,"column":15},"skip":true},"47":{"start":{"line":145,"column":16},"end":{"line":145,"column":70},"skip":true},"48":{"start":{"line":149,"column":8},"end":{"line":149,"column":31},"skip":true},"49":{"start":{"line":150,"column":8},"end":{"line":150,"column":14},"skip":true},"50":{"start":{"line":158,"column":8},"end":{"line":158,"column":31},"skip":true},"51":{"start":{"line":160,"column":8},"end":{"line":160,"column":33},"skip":true},"52":{"start":{"line":161,"column":8},"end":{"line":161,"column":37},"skip":true},"53":{"start":{"line":162,"column":8},"end":{"line":162,"column":35},"skip":true},"54":{"start":{"line":164,"column":8},"end":{"line":164,"column":50},"skip":true},"55":{"start":{"line":166,"column":8},"end":{"line":256,"column":2},"skip":true},"56":{"start":{"line":258,"column":8},"end":{"line":286,"column":9},"skip":true},"57":{"start":{"line":259,"column":12},"end":{"line":269,"column":14},"skip":true},"58":{"start":{"line":271,"column":12},"end":{"line":285,"column":19},"skip":true},"59":{"start":{"line":274,"column":20},"end":{"line":274,"column":35},"skip":true},"60":{"start":{"line":275,"column":20},"end":{"line":284,"column":21},"skip":true},"61":{"start":{"line":277,"column":24},"end":{"line":277,"column":64},"skip":true},"62":{"start":{"line":279,"column":24},"end":{"line":279,"column":40},"skip":true},"63":{"start":{"line":281,"column":24},"end":{"line":281,"column":40},"skip":true},"64":{"start":{"line":283,"column":24},"end":{"line":283,"column":39},"skip":true},"65":{"start":{"line":288,"column":8},"end":{"line":290,"column":9},"skip":true},"66":{"start":{"line":289,"column":12},"end":{"line":289,"column":18},"skip":true},"67":{"start":{"line":291,"column":8},"end":{"line":293,"column":54},"skip":true},"68":{"start":{"line":294,"column":8},"end":{"line":301,"column":37},"skip":true},"69":{"start":{"line":302,"column":8},"end":{"line":302,"column":82},"skip":true},"70":{"start":{"line":305,"column":8},"end":{"line":307,"column":9},"skip":true},"71":{"start":{"line":306,"column":12},"end":{"line":306,"column":82},"skip":true},"72":{"start":{"line":309,"column":8},"end":{"line":311,"column":9},"skip":true},"73":{"start":{"line":310,"column":12},"end":{"line":310,"column":18},"skip":true},"74":{"start":{"line":312,"column":8},"end":{"line":312,"column":54},"skip":true},"75":{"start":{"line":313,"column":8},"end":{"line":313,"column":69},"skip":true},"76":{"start":{"line":314,"column":8},"end":{"line":322,"column":36},"skip":true},"77":{"start":{"line":315,"column":12},"end":{"line":315,"column":61},"skip":true},"78":{"start":{"line":316,"column":12},"end":{"line":319,"column":13},"skip":true},"79":{"start":{"line":317,"column":16},"end":{"line":317,"column":75},"skip":true},"80":{"start":{"line":318,"column":16},"end":{"line":318,"column":23},"skip":true},"81":{"start":{"line":320,"column":12},"end":{"line":320,"column":38},"skip":true},"82":{"start":{"line":321,"column":12},"end":{"line":321,"column":27},"skip":true},"83":{"start":{"line":323,"column":8},"end":{"line":323,"column":14},"skip":true}},"branchMap":{"1":{"line":39,"type":"binary-expr","locations":[{"start":{"line":39,"column":23},"end":{"line":39,"column":62}},{"start":{"line":40,"column":20},"end":{"line":40,"column":70}},{"start":{"line":41,"column":20},"end":{"line":41,"column":71}},{"start":{"line":42,"column":20},"end":{"line":42,"column":29}}]},"2":{"line":44,"type":"binary-expr","locations":[{"start":{"line":44,"column":23},"end":{"line":44,"column":37}},{"start":{"line":45,"column":20},"end":{"line":45,"column":61}},{"start":{"line":46,"column":20},"end":{"line":46,"column":70}},{"start":{"line":47,"column":20},"end":{"line":47,"column":26}}]},"3":{"line":51,"type":"cond-expr","locations":[{"start":{"line":52,"column":14},"end":{"line":52,"column":20}},{"start":{"line":53,"column":14},"end":{"line":53,"column":20}}]},"4":{"line":55,"type":"binary-expr","locations":[{"start":{"line":55,"column":16},"end":{"line":55,"column":44}},{"start":{"line":55,"column":49},"end":{"line":57,"column":43}}]},"5":{"line":55,"type":"cond-expr","locations":[{"start":{"line":56,"column":14},"end":{"line":56,"column":51}},{"start":{"line":57,"column":14},"end":{"line":57,"column":43}}]},"6":{"line":61,"type":"switch","locations":[{"start":{"line":68,"column":4},"end":{"line":150,"column":14},"skip":true},{"start":{"line":156,"column":4},"end":{"line":323,"column":14},"skip":true}]},"7":{"line":70,"type":"if","locations":[{"start":{"line":70,"column":12},"end":{"line":70,"column":12},"skip":true},{"start":{"line":70,"column":12},"end":{"line":70,"column":12},"skip":true}]},"8":{"line":70,"type":"binary-expr","locations":[{"start":{"line":70,"column":16},"end":{"line":70,"column":22},"skip":true},{"start":{"line":70,"column":27},"end":{"line":70,"column":32},"skip":true},{"start":{"line":71,"column":20},"end":{"line":71,"column":39},"skip":true},{"start":{"line":72,"column":20},"end":{"line":72,"column":49},"skip":true},{"start":{"line":73,"column":20},"end":{"line":73,"column":58},"skip":true},{"start":{"line":74,"column":20},"end":{"line":74,"column":69},"skip":true}]},"9":{"line":79,"type":"switch","locations":[{"start":{"line":80,"column":20},"end":{"line":80,"column":33},"skip":true},{"start":{"line":81,"column":20},"end":{"line":83,"column":30},"skip":true},{"start":{"line":84,"column":20},"end":{"line":85,"column":49},"skip":true}]},"10":{"line":89,"type":"switch","locations":[{"start":{"line":90,"column":12},"end":{"line":103,"column":22},"skip":true},{"start":{"line":105,"column":12},"end":{"line":106,"column":22},"skip":true}]},"11":{"line":89,"type":"binary-expr","locations":[{"start":{"line":89,"column":20},"end":{"line":89,"column":25},"skip":true},{"start":{"line":89,"column":29},"end":{"line":89,"column":48},"skip":true},{"start":{"line":89,"column":52},"end":{"line":89,"column":74},"skip":true}]},"12":{"line":92,"type":"if","locations":[{"start":{"line":92,"column":16},"end":{"line":92,"column":16},"skip":true},{"start":{"line":92,"column":16},"end":{"line":92,"column":16},"skip":true}]},"13":{"line":108,"type":"if","locations":[{"start":{"line":108,"column":12},"end":{"line":108,"column":12},"skip":true},{"start":{"line":108,"column":12},"end":{"line":108,"column":12},"skip":true}]},"14":{"line":108,"type":"binary-expr","locations":[{"start":{"line":108,"column":16},"end":{"line":108,"column":61},"skip":true},{"start":{"line":108,"column":66},"end":{"line":108,"column":72},"skip":true},{"start":{"line":108,"column":77},"end":{"line":108,"column":82},"skip":true},{"start":{"line":109,"column":20},"end":{"line":109,"column":39},"skip":true},{"start":{"line":110,"column":20},"end":{"line":110,"column":49},"skip":true},{"start":{"line":111,"column":20},"end":{"line":111,"column":58},"skip":true},{"start":{"line":112,"column":20},"end":{"line":112,"column":68},"skip":true}]},"15":{"line":129,"type":"if","locations":[{"start":{"line":129,"column":16},"end":{"line":129,"column":16},"skip":true},{"start":{"line":129,"column":16},"end":{"line":129,"column":16},"skip":true}]},"16":{"line":134,"type":"cond-expr","locations":[{"start":{"line":135,"column":26},"end":{"line":135,"column":29},"skip":true},{"start":{"line":136,"column":26},"end":{"line":136,"column":54},"skip":true}]},"17":{"line":164,"type":"binary-expr","locations":[{"start":{"line":164,"column":27},"end":{"line":164,"column":43},"skip":true},{"start":{"line":164,"column":47},"end":{"line":164,"column":49},"skip":true}]},"18":{"line":258,"type":"if","locations":[{"start":{"line":258,"column":8},"end":{"line":258,"column":8},"skip":true},{"start":{"line":258,"column":8},"end":{"line":258,"column":8},"skip":true}]},"19":{"line":275,"type":"switch","locations":[{"start":{"line":276,"column":20},"end":{"line":277,"column":64},"skip":true},{"start":{"line":278,"column":20},"end":{"line":279,"column":40},"skip":true},{"start":{"line":280,"column":20},"end":{"line":281,"column":40},"skip":true},{"start":{"line":282,"column":20},"end":{"line":283,"column":39},"skip":true}]},"20":{"line":288,"type":"if","locations":[{"start":{"line":288,"column":8},"end":{"line":288,"column":8},"skip":true},{"start":{"line":288,"column":8},"end":{"line":288,"column":8},"skip":true}]},"21":{"line":288,"type":"binary-expr","locations":[{"start":{"line":288,"column":12},"end":{"line":288,"column":40},"skip":true},{"start":{"line":288,"column":44},"end":{"line":288,"column":67},"skip":true}]},"22":{"line":292,"type":"binary-expr","locations":[{"start":{"line":292,"column":12},"end":{"line":292,"column":50},"skip":true},{"start":{"line":293,"column":12},"end":{"line":293,"column":53},"skip":true}]},"23":{"line":295,"type":"binary-expr","locations":[{"start":{"line":295,"column":12},"end":{"line":295,"column":65},"skip":true},{"start":{"line":296,"column":12},"end":{"line":301,"column":36},"skip":true}]},"24":{"line":302,"type":"binary-expr","locations":[{"start":{"line":302,"column":43},"end":{"line":302,"column":75},"skip":true},{"start":{"line":302,"column":79},"end":{"line":302,"column":81},"skip":true}]},"25":{"line":305,"type":"if","locations":[{"start":{"line":305,"column":8},"end":{"line":305,"column":8},"skip":true},{"start":{"line":305,"column":8},"end":{"line":305,"column":8},"skip":true}]},"26":{"line":309,"type":"if","locations":[{"start":{"line":309,"column":8},"end":{"line":309,"column":8},"skip":true},{"start":{"line":309,"column":8},"end":{"line":309,"column":8},"skip":true}]},"27":{"line":312,"type":"binary-expr","locations":[{"start":{"line":312,"column":27},"end":{"line":312,"column":43},"skip":true},{"start":{"line":312,"column":47},"end":{"line":312,"column":53},"skip":true}]},"28":{"line":316,"type":"if","locations":[{"start":{"line":316,"column":12},"end":{"line":316,"column":12},"skip":true},{"start":{"line":316,"column":12},"end":{"line":316,"column":12},"skip":true}]}},"code":["/*","example.js","","quickstart example","","instruction","    1. save this script as example.js","    2. run the shell command:","        $ npm install npmtest-blanket && PORT=8081 node example.js","    3. play with the browser-demo on http://127.0.0.1:8081","*/","","","","/* istanbul instrument in package npmtest_blanket */","/*jslint","    bitwise: true,","    browser: true,","    maxerr: 8,","    maxlen: 96,","    node: true,","    nomen: true,","    regexp: true,","    stupid: true","*/","(function () {","    'use strict';","    var local;","","","","    // run shared js-env code - pre-init","    (function () {","        // init local","        local = {};","        // init modeJs","        local.modeJs = (function () {","            try {","                return typeof navigator.userAgent === 'string' &&","                    typeof document.querySelector('body') === 'object' &&","                    typeof XMLHttpRequest.prototype.open === 'function' &&","                    'browser';","            } catch (errorCaughtBrowser) {","                return module.exports &&","                    typeof process.versions.node === 'string' &&","                    typeof require('http').createServer === 'function' &&","                    'node';","            }","        }());","        // init global","        local.global = local.modeJs === 'browser'","            ? window","            : global;","        // init utility2_rollup","        local = local.global.utility2_rollup || (local.modeJs === 'browser'","            ? local.global.utility2_npmtest_blanket","            : global.utility2_moduleExports);","        // export local","        local.global.local = local;","    }());","    switch (local.modeJs) {","","","","    // post-init","    // run browser js-env code - post-init","    /* istanbul ignore next */","    case 'browser':","        local.testRunBrowser = function (event) {","            if (!event || (event &&","                    event.currentTarget &&","                    event.currentTarget.className &&","                    event.currentTarget.className.includes &&","                    event.currentTarget.className.includes('onreset'))) {","                // reset output","                Array.from(","                    document.querySelectorAll('body > .resettable')","                ).forEach(function (element) {","                    switch (element.tagName) {","                    case 'INPUT':","                    case 'TEXTAREA':","                        element.value = '';","                        break;","                    default:","                        element.textContent = '';","                    }","                });","            }","            switch (event && event.currentTarget && event.currentTarget.id) {","            case 'testRunButton1':","                // show tests","                if (document.querySelector('#testReportDiv1').style.display === 'none') {","                    document.querySelector('#testReportDiv1').style.display = 'block';","                    document.querySelector('#testRunButton1').textContent =","                        'hide internal test';","                    local.modeTest = true;","                    local.testRunDefault(local);","                // hide tests","                } else {","                    document.querySelector('#testReportDiv1').style.display = 'none';","                    document.querySelector('#testRunButton1').textContent = 'run internal test';","                }","                break;","            // custom-case","            default:","                break;","            }","            if (document.querySelector('#inputTextareaEval1') && (!event || (event &&","                    event.currentTarget &&","                    event.currentTarget.className &&","                    event.currentTarget.className.includes &&","                    event.currentTarget.className.includes('oneval')))) {","                // try to eval input-code","                try {","                    /*jslint evil: true*/","                    eval(document.querySelector('#inputTextareaEval1').value);","                } catch (errorCaught) {","                    console.error(errorCaught);","                }","            }","        };","        // log stderr and stdout to #outputTextareaStdout1","        ['error', 'log'].forEach(function (key) {","            console[key + '_original'] = console[key];","            console[key] = function () {","                var element;","                console[key + '_original'].apply(console, arguments);","                element = document.querySelector('#outputTextareaStdout1');","                if (!element) {","                    return;","                }","                // append text to #outputTextareaStdout1","                element.value += Array.from(arguments).map(function (arg) {","                    return typeof arg === 'string'","                        ? arg","                        : JSON.stringify(arg, null, 4);","                }).join(' ') + '\\n';","                // scroll textarea to bottom","                element.scrollTop = element.scrollHeight;","            };","        });","        // init event-handling","        ['change', 'click', 'keyup'].forEach(function (event) {","            Array.from(document.querySelectorAll('.on' + event)).forEach(function (element) {","                element.addEventListener(event, local.testRunBrowser);","            });","        });","        // run tests","        local.testRunBrowser();","        break;","","","","    // run node js-env code - post-init","    /* istanbul ignore next */","    case 'node':","        // export local","        module.exports = local;","        // require modules","        local.fs = require('fs');","        local.http = require('http');","        local.url = require('url');","        // init assets","        local.assetsDict = local.assetsDict || {};","        /* jslint-ignore-begin */","        local.assetsDict['/assets.index.template.html'] = '\\","<!doctype html>\\n\\","<html lang=\"en\">\\n\\","<head>\\n\\","<meta charset=\"UTF-8\">\\n\\","<meta name=\"viewport\" content=\"width=device-width, initial-scale=1\">\\n\\","<title>{{env.npm_package_name}} (v{{env.npm_package_version}})</title>\\n\\","<style>\\n\\","/*csslint\\n\\","    box-sizing: false,\\n\\","    universal-selector: false\\n\\","*/\\n\\","* {\\n\\","    box-sizing: border-box;\\n\\","}\\n\\","body {\\n\\","    background: #dde;\\n\\","    font-family: Arial, Helvetica, sans-serif;\\n\\","    margin: 2rem;\\n\\","}\\n\\","body > * {\\n\\","    margin-bottom: 1rem;\\n\\","}\\n\\",".utility2FooterDiv {\\n\\","    margin-top: 20px;\\n\\","    text-align: center;\\n\\","}\\n\\","</style>\\n\\","<style>\\n\\","/*csslint\\n\\","*/\\n\\","textarea {\\n\\","    font-family: monospace;\\n\\","    height: 10rem;\\n\\","    width: 100%;\\n\\","}\\n\\","textarea[readonly] {\\n\\","    background: #ddd;\\n\\","}\\n\\","</style>\\n\\","</head>\\n\\","<body>\\n\\","<!-- utility2-comment\\n\\","<div id=\"ajaxProgressDiv1\" style=\"background: #d00; height: 2px; left: 0; margin: 0; padding: 0; position: fixed; top: 0; transition: background 0.5s, width 1.5s; width: 25%;\"></div>\\n\\","utility2-comment -->\\n\\","<h1>\\n\\","<!-- utility2-comment\\n\\","    <a\\n\\","        {{#if env.npm_package_homepage}}\\n\\","        href=\"{{env.npm_package_homepage}}\"\\n\\","        {{/if env.npm_package_homepage}}\\n\\","        target=\"_blank\"\\n\\","    >\\n\\","utility2-comment -->\\n\\","        {{env.npm_package_name}} (v{{env.npm_package_version}})\\n\\","<!-- utility2-comment\\n\\","    </a>\\n\\","utility2-comment -->\\n\\","</h1>\\n\\","<h3>{{env.npm_package_description}}</h3>\\n\\","<!-- utility2-comment\\n\\","<h4><a download href=\"assets.app.js\">download standalone app</a></h4>\\n\\","<button class=\"onclick onreset\" id=\"testRunButton1\">run internal test</button><br>\\n\\","<div id=\"testReportDiv1\" style=\"display: none;\"></div>\\n\\","utility2-comment -->\\n\\","\\n\\","\\n\\","\\n\\","<label>stderr and stdout</label>\\n\\","<textarea class=\"resettable\" id=\"outputTextareaStdout1\" readonly></textarea>\\n\\","<!-- utility2-comment\\n\\","{{#if isRollup}}\\n\\","<script src=\"assets.app.js\"></script>\\n\\","{{#unless isRollup}}\\n\\","utility2-comment -->\\n\\","<script src=\"assets.utility2.rollup.js\"></script>\\n\\","<script src=\"jsonp.utility2._stateInit?callback=window.utility2._stateInit\"></script>\\n\\","<script src=\"assets.npmtest_blanket.rollup.js\"></script>\\n\\","<script src=\"assets.example.js\"></script>\\n\\","<script src=\"assets.test.js\"></script>\\n\\","<!-- utility2-comment\\n\\","{{/if isRollup}}\\n\\","utility2-comment -->\\n\\","<div class=\"utility2FooterDiv\">\\n\\","    [ this app was created with\\n\\","    <a href=\"https://github.com/kaizhu256/node-utility2\" target=\"_blank\">utility2</a>\\n\\","    ]\\n\\","</div>\\n\\","</body>\\n\\","</html>\\n\\","';","        /* jslint-ignore-end */","        if (local.templateRender) {","            local.assetsDict['/'] = local.templateRender(","                local.assetsDict['/assets.index.template.html'],","                {","                    env: local.objectSetDefault(local.env, {","                        npm_package_description: 'the greatest app in the world!',","                        npm_package_name: 'my-app',","                        npm_package_nameAlias: 'my_app',","                        npm_package_version: '0.0.1'","                    })","                }","            );","        } else {","            local.assetsDict['/'] = local.assetsDict['/assets.index.template.html']","                .replace((/\\{\\{env\\.(\\w+?)\\}\\}/g), function (match0, match1) {","                    // jslint-hack","                    String(match0);","                    switch (match1) {","                    case 'npm_package_description':","                        return 'the greatest app in the world!';","                    case 'npm_package_name':","                        return 'my-app';","                    case 'npm_package_nameAlias':","                        return 'my_app';","                    case 'npm_package_version':","                        return '0.0.1';","                    }","                });","        }","        // run the cli","        if (local.global.utility2_rollup || module !== require.main) {","            break;","        }","        local.assetsDict['/assets.example.js'] =","            local.assetsDict['/assets.example.js'] ||","            local.fs.readFileSync(__filename, 'utf8');","        local.assetsDict['/assets.npmtest_blanket.rollup.js'] =","            local.assetsDict['/assets.npmtest_blanket.rollup.js'] ||","            local.fs.readFileSync(","                // buildCustomOrg-hack","                local.npmtest_blanket.__dirname +","                    '/lib.npmtest_blanket.js',","                'utf8'","            ).replace((/^#!/), '//');","        local.assetsDict['/favicon.ico'] = local.assetsDict['/favicon.ico'] || '';","        // if $npm_config_timeout_exit exists,","        // then exit this process after $npm_config_timeout_exit ms","        if (Number(process.env.npm_config_timeout_exit)) {","            setTimeout(process.exit, Number(process.env.npm_config_timeout_exit));","        }","        // start server","        if (local.global.utility2_serverHttp1) {","            break;","        }","        process.env.PORT = process.env.PORT || '8081';","        console.error('server starting on port ' + process.env.PORT);","        local.http.createServer(function (request, response) {","            request.urlParsed = local.url.parse(request.url);","            if (local.assetsDict[request.urlParsed.pathname] !== undefined) {","                response.end(local.assetsDict[request.urlParsed.pathname]);","                return;","            }","            response.statusCode = 404;","            response.end();","        }).listen(process.env.PORT);","        break;","    }","}());",""],"l":{"26":2,"28":2,"33":2,"35":2,"37":2,"38":2,"39":2,"44":1,"51":2,"55":2,"59":2,"61":2,"69":1,"70":2,"76":2,"79":2,"82":2,"83":2,"85":1,"89":2,"92":1,"93":1,"94":1,"96":1,"97":1,"100":1,"101":1,"103":1,"106":1,"108":2,"114":1,"116":1,"118":1,"123":1,"124":2,"125":2,"126":2,"127":2,"128":2,"129":2,"130":1,"133":2,"134":2,"139":2,"143":1,"144":3,"145":1,"149":1,"150":1,"158":1,"160":1,"161":1,"162":1,"164":1,"166":1,"258":1,"259":1,"271":1,"274":6,"275":6,"277":1,"279":2,"281":1,"283":2,"288":1,"289":1,"291":1,"294":1,"302":1,"305":1,"306":1,"309":1,"310":1,"312":1,"313":1,"314":1,"315":1,"316":1,"317":1,"318":1,"320":1,"321":1,"323":1}},"/home/travis/build/npmtest/node-npmtest-blanket/node_modules/blanket/src/index.js":{"path":"/home/travis/build/npmtest/node-npmtest-blanket/node_modules/blanket/src/index.js","s":{"1":1,"2":1,"3":0,"4":0,"5":0,"6":0,"7":0,"8":0,"9":0,"10":0,"11":0,"12":1,"13":0,"14":0,"15":0,"16":0,"17":0,"18":0,"19":0,"20":0,"21":0,"22":0,"23":0,"24":0,"25":0,"26":0,"27":0,"28":0,"29":0,"30":0,"31":0,"32":0,"33":0,"34":0,"35":0,"36":0,"37":0,"38":0,"39":0,"40":0,"41":0,"42":0,"43":0,"44":0,"45":0,"46":0,"47":0,"48":0,"49":0,"50":0,"51":0,"52":0,"53":0,"54":0,"55":0,"56":0,"57":0,"58":0,"59":0,"60":0,"61":0,"62":0,"63":0,"64":0,"65":0,"66":0,"67":0,"68":0,"69":0,"70":0,"71":0,"72":0,"73":0,"74":0,"75":0,"76":0,"77":0,"78":0,"79":0,"80":0,"81":0,"82":0,"83":0,"84":0,"85":0,"86":0,"87":0,"88":0,"89":0,"90":0,"91":0,"92":0,"93":0,"94":0,"95":0,"96":0,"97":0,"98":0,"99":0,"100":0,"101":0,"102":0,"103":0,"104":0,"105":0,"106":0,"107":0,"108":0,"109":0,"110":0,"111":0,"112":0,"113":0,"114":0,"115":1,"116":0,"117":1,"118":1,"119":1,"120":2,"121":0,"122":1,"123":0,"124":1,"125":0},"b":{"1":[0,0],"2":[0,0],"3":[0,0],"4":[0,0],"5":[0,0],"6":[0,0],"7":[0,0],"8":[0,0],"9":[0,0],"10":[0,0],"11":[0,0],"12":[0,0],"13":[0,0],"14":[0,0],"15":[0,0],"16":[0,0],"17":[0,0],"18":[0,0],"19":[0,0],"20":[0,0],"21":[0,0],"22":[0,0],"23":[0,0],"24":[0,0],"25":[0,0],"26":[0,0],"27":[0,0],"28":[0,0],"29":[0,0],"30":[0,0],"31":[0,0],"32":[0,0],"33":[0,0],"34":[0,0],"35":[0,0],"36":[0,0],"37":[0,0],"38":[0,0],"39":[0,0],"40":[0,0],"41":[0,0],"42":[0,0],"43":[0,0],"44":[0,0],"45":[0,0],"46":[0,0],"47":[0,0],"48":[0,0],"49":[0,1],"50":[1,1,1,0],"51":[0,2],"52":[2,0],"53":[0,1],"54":[1,1,0]},"f":{"1":0,"2":0,"3":0,"4":0,"5":0,"6":0,"7":0,"8":0,"9":0,"10":0,"11":0,"12":0,"13":0},"fnMap":{"1":{"name":"(anonymous_1)","line":6,"loc":{"start":{"line":6,"column":18},"end":{"line":6,"column":44}}},"2":{"name":"escapeRegExp","line":32,"loc":{"start":{"line":32,"column":4},"end":{"line":32,"column":31}}},"3":{"name":"(anonymous_3)","line":39,"loc":{"start":{"line":39,"column":44},"end":{"line":39,"column":62}}},"4":{"name":"(anonymous_4)","line":81,"loc":{"start":{"line":81,"column":35},"end":{"line":81,"column":50}}},"5":{"name":"(anonymous_5)","line":85,"loc":{"start":{"line":85,"column":34},"end":{"line":85,"column":46}}},"6":{"name":"(anonymous_6)","line":92,"loc":{"start":{"line":92,"column":35},"end":{"line":92,"column":47}}},"7":{"name":"(anonymous_7)","line":99,"loc":{"start":{"line":99,"column":27},"end":{"line":99,"column":54}}},"8":{"name":"(anonymous_8)","line":108,"loc":{"start":{"line":108,"column":38},"end":{"line":108,"column":52}}},"9":{"name":"(anonymous_9)","line":120,"loc":{"start":{"line":120,"column":32},"end":{"line":120,"column":46}}},"10":{"name":"(anonymous_10)","line":133,"loc":{"start":{"line":133,"column":36},"end":{"line":133,"column":68}}},"11":{"name":"(anonymous_11)","line":162,"loc":{"start":{"line":162,"column":18},"end":{"line":162,"column":40}}},"12":{"name":"(anonymous_12)","line":193,"loc":{"start":{"line":193,"column":33},"end":{"line":193,"column":50}}},"13":{"name":"(anonymous_13)","line":226,"loc":{"start":{"line":226,"column":25},"end":{"line":226,"column":42}}}},"statementMap":{"1":{"start":{"line":1,"column":0},"end":{"line":3,"column":21}},"2":{"start":{"line":6,"column":0},"end":{"line":202,"column":2}},"3":{"start":{"line":8,"column":4},"end":{"line":13,"column":23}},"4":{"start":{"line":15,"column":4},"end":{"line":25,"column":5}},"5":{"start":{"line":16,"column":8},"end":{"line":17,"column":33}},"6":{"start":{"line":19,"column":8},"end":{"line":24,"column":9}},"7":{"start":{"line":20,"column":12},"end":{"line":20,"column":131}},"8":{"start":{"line":21,"column":12},"end":{"line":21,"column":45}},"9":{"start":{"line":22,"column":15},"end":{"line":24,"column":9}},"10":{"start":{"line":23,"column":12},"end":{"line":23,"column":44}},"11":{"start":{"line":27,"column":4},"end":{"line":30,"column":18}},"12":{"start":{"line":32,"column":4},"end":{"line":34,"column":5}},"13":{"start":{"line":33,"column":8},"end":{"line":33,"column":74}},"14":{"start":{"line":35,"column":4},"end":{"line":78,"column":5}},"15":{"start":{"line":36,"column":8},"end":{"line":38,"column":10}},"16":{"start":{"line":39,"column":8},"end":{"line":73,"column":11}},"17":{"start":{"line":40,"column":12},"end":{"line":40,"column":53}},"18":{"start":{"line":41,"column":12},"end":{"line":43,"column":13}},"19":{"start":{"line":42,"column":16},"end":{"line":42,"column":48}},"20":{"start":{"line":44,"column":12},"end":{"line":46,"column":13}},"21":{"start":{"line":45,"column":16},"end":{"line":45,"column":52}},"22":{"start":{"line":47,"column":12},"end":{"line":49,"column":13}},"23":{"start":{"line":48,"column":16},"end":{"line":48,"column":48}},"24":{"start":{"line":50,"column":12},"end":{"line":52,"column":13}},"25":{"start":{"line":51,"column":16},"end":{"line":51,"column":49}},"26":{"start":{"line":53,"column":12},"end":{"line":55,"column":13}},"27":{"start":{"line":54,"column":16},"end":{"line":54,"column":89}},"28":{"start":{"line":56,"column":12},"end":{"line":58,"column":13}},"29":{"start":{"line":57,"column":16},"end":{"line":57,"column":56}},"30":{"start":{"line":59,"column":12},"end":{"line":61,"column":13}},"31":{"start":{"line":60,"column":16},"end":{"line":60,"column":66}},"32":{"start":{"line":62,"column":12},"end":{"line":69,"column":13}},"33":{"start":{"line":63,"column":16},"end":{"line":63,"column":58}},"34":{"start":{"line":64,"column":16},"end":{"line":64,"column":73}},"35":{"start":{"line":65,"column":16},"end":{"line":65,"column":63}},"36":{"start":{"line":66,"column":16},"end":{"line":66,"column":73}},"37":{"start":{"line":67,"column":16},"end":{"line":67,"column":55}},"38":{"start":{"line":68,"column":16},"end":{"line":68,"column":65}},"39":{"start":{"line":70,"column":12},"end":{"line":72,"column":13}},"40":{"start":{"line":71,"column":16},"end":{"line":71,"column":58}},"41":{"start":{"line":74,"column":8},"end":{"line":74,"column":36}},"42":{"start":{"line":77,"column":8},"end":{"line":77,"column":41}},"43":{"start":{"line":81,"column":4},"end":{"line":83,"column":6}},"44":{"start":{"line":82,"column":8},"end":{"line":82,"column":39}},"45":{"start":{"line":85,"column":4},"end":{"line":90,"column":6}},"46":{"start":{"line":86,"column":6},"end":{"line":89,"column":7}},"47":{"start":{"line":87,"column":8},"end":{"line":87,"column":46}},"48":{"start":{"line":88,"column":8},"end":{"line":88,"column":46}},"49":{"start":{"line":92,"column":4},"end":{"line":96,"column":6}},"50":{"start":{"line":93,"column":6},"end":{"line":95,"column":7}},"51":{"start":{"line":94,"column":8},"end":{"line":94,"column":46}},"52":{"start":{"line":99,"column":4},"end":{"line":130,"column":6}},"53":{"start":{"line":100,"column":8},"end":{"line":100,"column":51}},"54":{"start":{"line":101,"column":8},"end":{"line":103,"column":9}},"55":{"start":{"line":102,"column":12},"end":{"line":102,"column":25}},"56":{"start":{"line":104,"column":8},"end":{"line":129,"column":9}},"57":{"start":{"line":105,"column":12},"end":{"line":118,"column":13}},"58":{"start":{"line":107,"column":16},"end":{"line":107,"column":77}},"59":{"start":{"line":108,"column":16},"end":{"line":110,"column":19}},"60":{"start":{"line":109,"column":20},"end":{"line":109,"column":105}},"61":{"start":{"line":111,"column":18},"end":{"line":118,"column":13}},"62":{"start":{"line":112,"column":16},"end":{"line":112,"column":67}},"63":{"start":{"line":113,"column":16},"end":{"line":113,"column":69}},"64":{"start":{"line":114,"column":16},"end":{"line":114,"column":48}},"65":{"start":{"line":115,"column":16},"end":{"line":115,"column":44}},"66":{"start":{"line":117,"column":16},"end":{"line":117,"column":84}},"67":{"start":{"line":119,"column":14},"end":{"line":129,"column":9}},"68":{"start":{"line":120,"column":12},"end":{"line":122,"column":15}},"69":{"start":{"line":121,"column":16},"end":{"line":121,"column":81}},"70":{"start":{"line":123,"column":14},"end":{"line":129,"column":9}},"71":{"start":{"line":124,"column":12},"end":{"line":124,"column":42}},"72":{"start":{"line":125,"column":14},"end":{"line":129,"column":9}},"73":{"start":{"line":126,"column":12},"end":{"line":126,"column":37}},"74":{"start":{"line":128,"column":12},"end":{"line":128,"column":108}},"75":{"start":{"line":131,"column":4},"end":{"line":188,"column":5}},"76":{"start":{"line":133,"column":8},"end":{"line":187,"column":10}},"77":{"start":{"line":134,"column":12},"end":{"line":137,"column":28}},"78":{"start":{"line":138,"column":12},"end":{"line":138,"column":62}},"79":{"start":{"line":141,"column":12},"end":{"line":141,"column":61}},"80":{"start":{"line":142,"column":12},"end":{"line":186,"column":13}},"81":{"start":{"line":145,"column":16},"end":{"line":145,"column":48}},"82":{"start":{"line":146,"column":16},"end":{"line":146,"column":114}},"83":{"start":{"line":146,"column":48},"end":{"line":146,"column":113}},"84":{"start":{"line":147,"column":18},"end":{"line":186,"column":13}},"85":{"start":{"line":148,"column":16},"end":{"line":148,"column":107}},"86":{"start":{"line":148,"column":48},"end":{"line":148,"column":106}},"87":{"start":{"line":149,"column":16},"end":{"line":149,"column":64}},"88":{"start":{"line":150,"column":16},"end":{"line":154,"column":17}},"89":{"start":{"line":151,"column":20},"end":{"line":151,"column":80}},"90":{"start":{"line":152,"column":23},"end":{"line":154,"column":17}},"91":{"start":{"line":153,"column":20},"end":{"line":153,"column":71}},"92":{"start":{"line":155,"column":16},"end":{"line":157,"column":17}},"93":{"start":{"line":156,"column":20},"end":{"line":156,"column":89}},"94":{"start":{"line":159,"column":16},"end":{"line":183,"column":19}},"95":{"start":{"line":163,"column":20},"end":{"line":163,"column":96}},"96":{"start":{"line":164,"column":20},"end":{"line":182,"column":21}},"97":{"start":{"line":165,"column":24},"end":{"line":165,"column":112}},"98":{"start":{"line":166,"column":24},"end":{"line":166,"column":77}},"99":{"start":{"line":169,"column":24},"end":{"line":181,"column":25}},"100":{"start":{"line":175,"column":28},"end":{"line":175,"column":130}},"101":{"start":{"line":175,"column":60},"end":{"line":175,"column":129}},"102":{"start":{"line":176,"column":28},"end":{"line":176,"column":60}},"103":{"start":{"line":178,"column":28},"end":{"line":178,"column":95}},"104":{"start":{"line":179,"column":28},"end":{"line":179,"column":42}},"105":{"start":{"line":180,"column":28},"end":{"line":180,"column":36}},"106":{"start":{"line":185,"column":16},"end":{"line":185,"column":57}},"107":{"start":{"line":190,"column":4},"end":{"line":190,"column":49}},"108":{"start":{"line":191,"column":4},"end":{"line":199,"column":5}},"109":{"start":{"line":192,"column":8},"end":{"line":198,"column":9}},"110":{"start":{"line":193,"column":12},"end":{"line":195,"column":15}},"111":{"start":{"line":194,"column":16},"end":{"line":194,"column":41}},"112":{"start":{"line":197,"column":12},"end":{"line":197,"column":43}},"113":{"start":{"line":200,"column":4},"end":{"line":200,"column":42}},"114":{"start":{"line":201,"column":4},"end":{"line":201,"column":19}},"115":{"start":{"line":204,"column":0},"end":{"line":231,"column":1}},"116":{"start":{"line":206,"column":4},"end":{"line":206,"column":58}},"117":{"start":{"line":208,"column":4},"end":{"line":208,"column":28}},"118":{"start":{"line":209,"column":4},"end":{"line":209,"column":32}},"119":{"start":{"line":211,"column":4},"end":{"line":216,"column":5}},"120":{"start":{"line":212,"column":8},"end":{"line":215,"column":9}},"121":{"start":{"line":214,"column":12},"end":{"line":214,"column":35}},"122":{"start":{"line":218,"column":4},"end":{"line":230,"column":5}},"123":{"start":{"line":223,"column":8},"end":{"line":223,"column":48}},"124":{"start":{"line":226,"column":8},"end":{"line":229,"column":10}},"125":{"start":{"line":228,"column":12},"end":{"line":228,"column":46}}},"branchMap":{"1":{"line":11,"type":"binary-expr","locations":[{"start":{"line":11,"column":21},"end":{"line":11,"column":34}},{"start":{"line":11,"column":38},"end":{"line":11,"column":53}}]},"2":{"line":12,"type":"cond-expr","locations":[{"start":{"line":12,"column":40},"end":{"line":12,"column":93}},{"start":{"line":12,"column":96},"end":{"line":12,"column":100}}]},"3":{"line":12,"type":"binary-expr","locations":[{"start":{"line":12,"column":52},"end":{"line":12,"column":87}},{"start":{"line":12,"column":89},"end":{"line":12,"column":91}}]},"4":{"line":15,"type":"if","locations":[{"start":{"line":15,"column":4},"end":{"line":15,"column":4}},{"start":{"line":15,"column":4},"end":{"line":15,"column":4}}]},"5":{"line":19,"type":"if","locations":[{"start":{"line":19,"column":8},"end":{"line":19,"column":8}},{"start":{"line":19,"column":8},"end":{"line":19,"column":8}}]},"6":{"line":19,"type":"binary-expr","locations":[{"start":{"line":19,"column":12},"end":{"line":19,"column":19}},{"start":{"line":19,"column":23},"end":{"line":19,"column":38}}]},"7":{"line":22,"type":"if","locations":[{"start":{"line":22,"column":15},"end":{"line":22,"column":15}},{"start":{"line":22,"column":15},"end":{"line":22,"column":15}}]},"8":{"line":22,"type":"binary-expr","locations":[{"start":{"line":22,"column":19},"end":{"line":22,"column":25}},{"start":{"line":22,"column":29},"end":{"line":22,"column":43}}]},"9":{"line":27,"type":"cond-expr","locations":[{"start":{"line":27,"column":42},"end":{"line":27,"column":76}},{"start":{"line":27,"column":79},"end":{"line":27,"column":90}}]},"10":{"line":35,"type":"if","locations":[{"start":{"line":35,"column":4},"end":{"line":35,"column":4}},{"start":{"line":35,"column":4},"end":{"line":35,"column":4}}]},"11":{"line":41,"type":"if","locations":[{"start":{"line":41,"column":12},"end":{"line":41,"column":12}},{"start":{"line":41,"column":12},"end":{"line":41,"column":12}}]},"12":{"line":41,"type":"binary-expr","locations":[{"start":{"line":41,"column":15},"end":{"line":41,"column":43}},{"start":{"line":41,"column":47},"end":{"line":41,"column":67}}]},"13":{"line":44,"type":"if","locations":[{"start":{"line":44,"column":12},"end":{"line":44,"column":12}},{"start":{"line":44,"column":12},"end":{"line":44,"column":12}}]},"14":{"line":47,"type":"if","locations":[{"start":{"line":47,"column":12},"end":{"line":47,"column":12}},{"start":{"line":47,"column":12},"end":{"line":47,"column":12}}]},"15":{"line":47,"type":"binary-expr","locations":[{"start":{"line":47,"column":16},"end":{"line":47,"column":46}},{"start":{"line":47,"column":50},"end":{"line":47,"column":69}}]},"16":{"line":50,"type":"if","locations":[{"start":{"line":50,"column":12},"end":{"line":50,"column":12}},{"start":{"line":50,"column":12},"end":{"line":50,"column":12}}]},"17":{"line":53,"type":"if","locations":[{"start":{"line":53,"column":12},"end":{"line":53,"column":12}},{"start":{"line":53,"column":12},"end":{"line":53,"column":12}}]},"18":{"line":53,"type":"binary-expr","locations":[{"start":{"line":53,"column":16},"end":{"line":53,"column":36}},{"start":{"line":53,"column":40},"end":{"line":53,"column":53}}]},"19":{"line":56,"type":"if","locations":[{"start":{"line":56,"column":12},"end":{"line":56,"column":12}},{"start":{"line":56,"column":12},"end":{"line":56,"column":12}}]},"20":{"line":59,"type":"if","locations":[{"start":{"line":59,"column":12},"end":{"line":59,"column":12}},{"start":{"line":59,"column":12},"end":{"line":59,"column":12}}]},"21":{"line":62,"type":"if","locations":[{"start":{"line":62,"column":12},"end":{"line":62,"column":12}},{"start":{"line":62,"column":12},"end":{"line":62,"column":12}}]},"22":{"line":70,"type":"if","locations":[{"start":{"line":70,"column":12},"end":{"line":70,"column":12}},{"start":{"line":70,"column":12},"end":{"line":70,"column":12}}]},"23":{"line":86,"type":"if","locations":[{"start":{"line":86,"column":6},"end":{"line":86,"column":6}},{"start":{"line":86,"column":6},"end":{"line":86,"column":6}}]},"24":{"line":93,"type":"if","locations":[{"start":{"line":93,"column":6},"end":{"line":93,"column":6}},{"start":{"line":93,"column":6},"end":{"line":93,"column":6}}]},"25":{"line":101,"type":"if","locations":[{"start":{"line":101,"column":8},"end":{"line":101,"column":8}},{"start":{"line":101,"column":8},"end":{"line":101,"column":8}}]},"26":{"line":101,"type":"binary-expr","locations":[{"start":{"line":101,"column":12},"end":{"line":101,"column":20}},{"start":{"line":101,"column":24},"end":{"line":101,"column":48}}]},"27":{"line":104,"type":"if","locations":[{"start":{"line":104,"column":8},"end":{"line":104,"column":8}},{"start":{"line":104,"column":8},"end":{"line":104,"column":8}}]},"28":{"line":105,"type":"if","locations":[{"start":{"line":105,"column":12},"end":{"line":105,"column":12}},{"start":{"line":105,"column":12},"end":{"line":105,"column":12}}]},"29":{"line":111,"type":"if","locations":[{"start":{"line":111,"column":18},"end":{"line":111,"column":18}},{"start":{"line":111,"column":18},"end":{"line":111,"column":18}}]},"30":{"line":119,"type":"if","locations":[{"start":{"line":119,"column":14},"end":{"line":119,"column":14}},{"start":{"line":119,"column":14},"end":{"line":119,"column":14}}]},"31":{"line":123,"type":"if","locations":[{"start":{"line":123,"column":14},"end":{"line":123,"column":14}},{"start":{"line":123,"column":14},"end":{"line":123,"column":14}}]},"32":{"line":125,"type":"if","locations":[{"start":{"line":125,"column":14},"end":{"line":125,"column":14}},{"start":{"line":125,"column":14},"end":{"line":125,"column":14}}]},"33":{"line":131,"type":"if","locations":[{"start":{"line":131,"column":4},"end":{"line":131,"column":4}},{"start":{"line":131,"column":4},"end":{"line":131,"column":4}}]},"34":{"line":142,"type":"if","locations":[{"start":{"line":142,"column":12},"end":{"line":142,"column":12}},{"start":{"line":142,"column":12},"end":{"line":142,"column":12}}]},"35":{"line":142,"type":"binary-expr","locations":[{"start":{"line":142,"column":16},"end":{"line":142,"column":50}},{"start":{"line":143,"column":20},"end":{"line":143,"column":82}}]},"36":{"line":146,"type":"if","locations":[{"start":{"line":146,"column":16},"end":{"line":146,"column":16}},{"start":{"line":146,"column":16},"end":{"line":146,"column":16}}]},"37":{"line":147,"type":"if","locations":[{"start":{"line":147,"column":18},"end":{"line":147,"column":18}},{"start":{"line":147,"column":18},"end":{"line":147,"column":18}}]},"38":{"line":148,"type":"if","locations":[{"start":{"line":148,"column":16},"end":{"line":148,"column":16}},{"start":{"line":148,"column":16},"end":{"line":148,"column":16}}]},"39":{"line":150,"type":"if","locations":[{"start":{"line":150,"column":16},"end":{"line":150,"column":16}},{"start":{"line":150,"column":16},"end":{"line":150,"column":16}}]},"40":{"line":150,"type":"binary-expr","locations":[{"start":{"line":150,"column":20},"end":{"line":150,"column":36}},{"start":{"line":150,"column":40},"end":{"line":150,"column":67}}]},"41":{"line":152,"type":"if","locations":[{"start":{"line":152,"column":23},"end":{"line":152,"column":23}},{"start":{"line":152,"column":23},"end":{"line":152,"column":23}}]},"42":{"line":152,"type":"binary-expr","locations":[{"start":{"line":152,"column":27},"end":{"line":152,"column":43}},{"start":{"line":152,"column":47},"end":{"line":152,"column":76}}]},"43":{"line":155,"type":"if","locations":[{"start":{"line":155,"column":16},"end":{"line":155,"column":16}},{"start":{"line":155,"column":16},"end":{"line":155,"column":16}}]},"44":{"line":155,"type":"binary-expr","locations":[{"start":{"line":155,"column":20},"end":{"line":155,"column":36}},{"start":{"line":155,"column":40},"end":{"line":155,"column":65}}]},"45":{"line":169,"type":"if","locations":[{"start":{"line":169,"column":24},"end":{"line":169,"column":24}},{"start":{"line":169,"column":24},"end":{"line":169,"column":24}}]},"46":{"line":175,"type":"if","locations":[{"start":{"line":175,"column":28},"end":{"line":175,"column":28}},{"start":{"line":175,"column":28},"end":{"line":175,"column":28}}]},"47":{"line":191,"type":"if","locations":[{"start":{"line":191,"column":4},"end":{"line":191,"column":4}},{"start":{"line":191,"column":4},"end":{"line":191,"column":4}}]},"48":{"line":192,"type":"if","locations":[{"start":{"line":192,"column":8},"end":{"line":192,"column":8}},{"start":{"line":192,"column":8},"end":{"line":192,"column":8}}]},"49":{"line":204,"type":"if","locations":[{"start":{"line":204,"column":0},"end":{"line":204,"column":0}},{"start":{"line":204,"column":0},"end":{"line":204,"column":0}}]},"50":{"line":204,"type":"binary-expr","locations":[{"start":{"line":204,"column":5},"end":{"line":204,"column":16}},{"start":{"line":204,"column":20},"end":{"line":204,"column":47}},{"start":{"line":205,"column":5},"end":{"line":205,"column":16}},{"start":{"line":205,"column":20},"end":{"line":205,"column":43}}]},"51":{"line":212,"type":"if","locations":[{"start":{"line":212,"column":8},"end":{"line":212,"column":8}},{"start":{"line":212,"column":8},"end":{"line":212,"column":8}}]},"52":{"line":212,"type":"binary-expr","locations":[{"start":{"line":212,"column":12},"end":{"line":212,"column":53}},{"start":{"line":213,"column":12},"end":{"line":213,"column":37}}]},"53":{"line":218,"type":"if","locations":[{"start":{"line":218,"column":4},"end":{"line":218,"column":4}},{"start":{"line":218,"column":4},"end":{"line":218,"column":4}}]},"54":{"line":218,"type":"binary-expr","locations":[{"start":{"line":218,"column":8},"end":{"line":218,"column":77}},{"start":{"line":219,"column":8},"end":{"line":219,"column":64}},{"start":{"line":220,"column":8},"end":{"line":220,"column":23}}]}},"code":["var extend = require(\"xtend\"),","    path = require('path'),","    join = path.join;","","","var blanketNode = function (userOptions,cli){","","    var fs = require(\"fs\"),","        path = require(\"path\"),","        configPath = process.cwd() + '/package.json',","        existsSync = fs.existsSync || path.existsSync,","        file = existsSync(configPath) ? JSON.parse((fs.readFileSync(configPath, 'utf8')||{})) : null,","        packageConfigs;","","    if (file){","        var scripts = file.scripts,","            config = file.config;","","        if (scripts && scripts.blanket){","            console.warn(\"BLANKET-\" + path + \": `scripts[\\\"blanket\\\"]` is deprecated. Please migrate to `config[\\\"blanket\\\"]`.\\n\");","            packageConfigs = scripts.blanket;","        } else if (config && config.blanket){","            packageConfigs = config.blanket;","        }","    }","","    var blanketConfigs = packageConfigs ? extend(packageConfigs,userOptions) : userOptions,","        blanket = require(\"./blanket\").blanket,","        oldLoader = require.extensions['.js'],","        newLoader;","","    function escapeRegExp(str) {","        return str.replace(/[\\-\\[\\]\\/\\{\\}\\(\\)\\*\\+\\?\\.\\\\\\^\\$\\|]/g, \"\\\\$&\");","    }","    if (blanketConfigs){","        var newOptions={","            'filter': 'src' // Default filter to src","        };","        Object.keys(blanketConfigs).forEach(function (option) {","            var optionValue = blanketConfigs[option];","            if(option === \"data-cover-only\" || option === \"pattern\"){","                newOptions.filter = optionValue;","            }","            if(option === \"data-cover-never\"){","                newOptions.antifilter = optionValue;","            }","            if (option === \"data-cover-loader\" || option === \"loader\"){","                newOptions.loader = optionValue;","            }","            if (option === \"data-cover-timeout\"){","                newOptions.timeout = optionValue;","            }","            if (option === \"onlyCwd\" && !!optionValue){","                newOptions.cwdRegex = new RegExp(\"^\" + escapeRegExp(process.cwd()), \"i\");","            }","            if (option === \"data-cover-customVariable\"){","                newOptions.customVariable = optionValue;","            }","            if (option === \"data-cover-ecmaVersion\"){","                newOptions.ecmaVersion = parseInt(optionValue,10);","            }","            if (option === \"data-cover-flags\"){","                newOptions.order = !optionValue.unordered;","                newOptions.ignoreScriptError = !!optionValue.ignoreError;","                newOptions.autoStart = !!optionValue.autoStart;","                newOptions.branchTracking = !!optionValue.branchTracking;","                newOptions.debug = !!optionValue.debug;","                newOptions.engineOnly = !!optionValue.engineOnly;","            }","            if (option === \"data-cover-reporter-options\"){","                newOptions.reporter_options = optionValue;","            }","        });","        blanket.options(newOptions);","    } else {","        // If no config is specified, default filter to src.","        blanket.options('filter', 'src');","    }","","    //helper functions","    blanket.normalizeBackslashes = function (str) {","        return str.replace(/\\\\/g, '/');","    };","","    blanket.restoreNormalLoader = function () {","      if (!blanket.options(\"engineOnly\")){","        newLoader = require.extensions['.js'];","        require.extensions['.js'] = oldLoader;","      }","    };","","    blanket.restoreBlanketLoader = function () {","      if (!blanket.options(\"engineOnly\")){","        require.extensions['.js'] = newLoader;","      }","    };","","    //you can pass in a string, a regex, or an array of files","    blanket.matchPattern = function (filename,pattern){","        var cwdRegex = blanket.options(\"cwdRegex\");","        if (cwdRegex && !cwdRegex.test(filename)){","            return false;","        }","        if (typeof pattern === 'string'){","            if (pattern.indexOf(\"[\") === 0){","                    //treat as array","                var pattenArr = pattern.slice(1,pattern.length-1).split(\",\");","                return pattenArr.some(function(elem){","                    return blanket.matchPattern(filename,blanket.normalizeBackslashes(elem.slice(1,-1)));","                });","            }else if ( pattern.indexOf(\"//\") === 0){","                var ex = pattern.slice(2,pattern.lastIndexOf('/'));","                var mods = pattern.slice(pattern.lastIndexOf('/')+1);","                var regex = new RegExp(ex,mods);","                return regex.test(filename);","            }else{","                return filename.indexOf(blanket.normalizeBackslashes(pattern)) > -1;","            }","        }else if ( pattern instanceof Array ){","            return pattern.some(function(elem){","                return filename.indexOf(blanket.normalizeBackslashes(elem)) > -1;","            });","        }else if (pattern instanceof RegExp){","            return pattern.test(filename);","        }else if (typeof pattern === 'function'){","            return pattern(filename);","        }else{","            throw new Error(\"Bad file instrument indicator.  Must be a string, regex, function, or array.\");","        }","    };","    if (!blanket.options(\"engineOnly\")){","        //instrument js files","        require.extensions['.js'] = function(localModule, filename) {","            var pattern = blanket.options(\"filter\"),","                reporter_options = blanket.options(\"reporter_options\"),","                originalFilename = filename,","\t\t\tinputFilename = filename;","            filename = blanket.normalizeBackslashes(filename);","","            //we check the never matches first","            var antipattern = _blanket.options(\"antifilter\");","            if (typeof antipattern !== \"undefined\" &&","                    blanket.matchPattern(filename.replace(/\\.js$/,\"\"),antipattern)","                ){","                oldLoader(localModule,filename);","                if (_blanket.options(\"debug\")) {console.log(\"BLANKET-File will never be instrumented:\"+filename);}","            }else if (blanket.matchPattern(filename,pattern)){","                if (_blanket.options(\"debug\")) {console.log(\"BLANKET-Attempting instrument of:\"+filename);}","                var content = fs.readFileSync(filename, 'utf8');","                if (reporter_options && reporter_options.shortnames){","                    inputFilename = filename.replace(path.dirname(filename),\"\");","                } else if (reporter_options && reporter_options.relativepath) {","                    inputFilename = filename.replace(process.cwd(),\"\");","                }","                if (reporter_options && reporter_options.basepath){","                    inputFilename = filename.replace(reporter_options.basepath + '/',\"\");","                }","","                blanket.instrument({","                    inputFile: content,","                    inputFileName: blanket.normalizeBackslashes(inputFilename)","                },function(instrumented){","                    var baseDirPath = blanket.normalizeBackslashes(path.dirname(filename))+'/.';","                    try{","                        instrumented = instrumented.replace(/require\\s*\\(\\s*(\"|')\\./g,'require($1'+baseDirPath);","                        localModule._compile(instrumented, originalFilename);","                    }","                    catch(err){","                        if (_blanket.options(\"ignoreScriptError\")){","                            //we can continue like normal if","                            //we're ignoring script errors,","                            //but otherwise we don't want","                            //to completeLoad or the error might be","                            //missed.","                            if (_blanket.options(\"debug\")) {console.log(\"BLANKET-There was an error loading the file:\"+filename);}","                            oldLoader(localModule,filename);","                        }else{","                            var e = new Error(\"BLANKET-Error parsing instrumented code: \"+err);","                            e.error = err;","                            throw e;","                        }","                    }","                });","            }else{","                oldLoader(localModule, originalFilename);","            }","        };","    }","    //if a loader is specified, use it","    var loaderOption = blanket.options(\"loader\");","    if (loaderOption){","        if (Array.isArray(loaderOption)) {","            loaderOption.forEach(function(loader) {","                require(loader)(blanket);","            });","        } else {","            require(loaderOption)(blanket);","        }","    }","    newLoader = require.extensions['.js'];","    return blanket;","};","","if ((process.env && process.env.BLANKET_COV===1) ||","    (process.ENV && process.ENV.BLANKET_COV)){","    module.exp
[...]
w.require;","","        // Check if we have any covered files that requires reporting","        // otherwise just exit gracefully.","        if (!coverage_data.files || !Object.keys(coverage_data.files).length) {","            if (_blanket.options(\"debug\")) {console.log(\"BLANKET-Reporting No files were instrumented.\");}","            return;","        }","","        if (typeof coverage_data.files.branchFcn !== \"undefined\"){","            delete coverage_data.files.branchFcn;","        }","        if (typeof _blanket.options(\"reporter\") === \"string\"){","            _blanket._loadFile(_blanket.options(\"reporter\"));","            _blanket.customReporter(coverage_data,_blanket.options(\"reporter_options\"));","        }else if (typeof _blanket.options(\"reporter\") === \"function\"){","            _blanket.options(\"reporter\")(coverage_data,_blanket.options(\"reporter_options\"));","        }else if (typeof _blanket.defaultReporter === 'function'){","            _blanket.defaultReporter(coverage_data,_blanket.options(\"reporter_options\"));","        }else{","            throw new Error(\"no reporter defined.\");","        }","    },","    _bindStartTestRunner: function(bindEvent,startEvent){","        if (bindEvent){","            bindEvent(startEvent);","        }else{","            if (document.readyState === \"complete\") {","                startEvent();","            } else {","                window.addEventListener(\"load\",startEvent,false);","            }","        }","    },","    _loadSourceFiles: function(callback){","        var require = blanket.options(\"commonJS\") ? blanket._commonjs.require : window.require;","        function copy(o){","          var _copy = Object.create( Object.getPrototypeOf(o) );","          var propNames = Object.getOwnPropertyNames(o);","","          propNames.forEach(function(name){","            var desc = Object.getOwnPropertyDescriptor(o, name);","            Object.defineProperty(_copy, name, desc);","          });","","          return _copy;","        }","        if (_blanket.options(\"debug\")) {console.log(\"BLANKET-Collecting page scripts\");}","        var scripts = _blanket.utils.collectPageScripts();","        //_blanket.options(\"filter\",scripts);","        if (scripts.length === 0){","            callback();","        }else{","","            //check session state","            if (sessionStorage[\"blanketSessionLoader\"]){","                _blanket.blanketSession = JSON.parse(sessionStorage[\"blanketSessionLoader\"]);","            }","            ","            scripts.forEach(function(file,indx){","                _blanket.utils.cache[file]={","                    loaded:false","                };","            });","            ","            var currScript=-1;","            _blanket.utils.loadAll(function(test){","                if (test){","                  return typeof scripts[currScript+1] !== 'undefined';","                }","                currScript++;","                if (currScript >= scripts.length){","                  return null;","                }","                return scripts[currScript];","            },callback);","        }","    },","    beforeStartTestRunner: function(opts){","        opts = opts || {};","        opts.checkRequirejs = typeof opts.checkRequirejs === \"undefined\" ? true : opts.checkRequirejs;","        opts.callback = opts.callback || function() {  };","        opts.coverage = typeof opts.coverage === \"undefined\" ? true : opts.coverage;","        if (opts.coverage) {","            _blanket._bindStartTestRunner(opts.bindEvent,","            function(){","                _blanket._loadSourceFiles(function() {","","                    var allLoaded = function(){","                        return opts.condition ? opts.condition() : _blanket.requireFilesLoaded();","                    };","                    var check = function() {","                        if (allLoaded()) {","                            if (_blanket.options(\"debug\")) {console.log(\"BLANKET-All files loaded, init start test runner callback.\");}","                            var cb = _blanket.options(\"testReadyCallback\");","","                            if (cb){","                                if (typeof cb === \"function\"){","                                    cb(opts.callback);","                                }else if (typeof cb === \"string\"){","                                    _blanket._addScript(cb);","                                    opts.callback();","                                }","                            }else{","                                opts.callback();","                            }","                        } else {","                            setTimeout(check, 13);","                        }","                    };","                    check();","                });","            });","        }else{","            opts.callback();","        }","    },","    utils: {","        qualifyURL: function (url) {","            //http://stackoverflow.com/questions/470832/getting-an-absolute-url-from-a-relative-one-ie6-issue","            var a = document.createElement('a');","            a.href = url;","            return a.href;","        }","    }","});","","})(blanket);",""],"l":{"1":2,"2":0,"3":0,"6":0,"8":0,"10":0,"11":0,"12":0,"14":0,"17":0,"18":0,"21":0,"22":0,"24":0,"25":0,"29":0,"30":0,"31":0,"32":0,"34":0,"38":0,"41":0,"42":0,"45":0,"46":0,"47":0,"48":0,"49":0,"50":0,"51":0,"52":0,"53":0,"54":0,"55":0,"56":0,"58":0,"59":0,"60":0,"62":0,"63":0,"64":0,"65":0,"67":0,"68":0,"69":0,"70":0,"71":0,"72":0,"73":0,"74":0,"75":0,"77":0,"78":0,"79":0,"80":0,"81":0,"83":0,"84":0,"85":0,"86":0,"87":0,"88":0,"89":0,"91":0,"92":0,"93":0,"95":0,"96":0,"97":0,"98":0,"99":0,"103":0,"104":0,"105":0,"107":0,"108":0,"109":0,"110":0,"111":0,"115":0,"116":0,"117":0,"118":0,"119":0,"120":0,"121":0,"122":0,"123":0,"125":0,"128":1,"129":0,"130":0,"131":0,"133":0,"136":0,"137":0,"138":0,"139":0,"140":0,"144":0,"145":0,"146":0,"147":0,"150":0,"153":0,"155":0,"157":0,"158":0,"162":0,"163":0,"164":0,"167":0,"168":0,"170":0,"171":0,"172":0,"173":0,"174":0,"175":0,"176":0,"178":0,"182":0,"183":0,"185":0,"186":0,"188":0,"193":0,"194":1,"195":0,"196":0,"198":0,"199":0,"200":0,"203":0,"205":0,"206":0,"208":0,"209":0,"213":0,"214":0,"217":0,"218":0,"223":0,"224":0,"225":0,"226":0,"228":0,"229":0,"230":0,"232":0,"237":0,"238":0,"239":0,"240":0,"241":0,"242":0,"244":0,"246":0,"247":0,"249":0,"250":0,"251":0,"252":0,"254":0,"255":0,"256":0,"257":0,"258":0,"259":0,"262":0,"265":0,"268":0,"272":0,"278":0,"279":0,"280":0}},"/home/travis/build/npmtest/node-npmtest-blanket/node_modules/blanket/src/config.js":{"path":"/home/travis/build/npmtest/node-npmtest-blanket/node_modules/blanket/src/config.js","s":{"1":2,"2":2,"3":2,"4":2,"5":0,"6":0,"7":0,"8":0,"9":0,"10":0,"11":0,"12":0,"13":0,"14":0,"15":0,"16":0,"17":0,"18":0,"19":0,"20":0,"21":0,"22":0,"23":0,"24":0,"25":0,"26":0,"27":0,"28":0,"29":0,"30":0,"31":0,"32":0,"33":0,"34":0,"35":0,"36":0,"37":0,"38":0,"39":0,"40":0,"41":0,"42":0,"43":0,"44":0,"45":0,"46":0,"47":0,"48":0,"49":0,"50":0,"51":0,"52":0,"53":0},"b":{"1":[0,0],"2":[0,0],"3":[0,0],"4":[0,0],"5":[0,0],"6":[0,0],"7":[0,0],"8":[0,0],"9":[0,0],"10":[0,0],"11":[0,0],"12":[0,0],"13":[0,0],"14":[0,0],"15":[0,0],"16":[0,0],"17":[0,0],"18":[0,0],"19":[0,0],"20":[0,0],"21":[0,0],"22":[0,0],"23":[0,0]},"f":{"1":2,"2":0},"fnMap":{"1":{"name":"(anonymous_1)","line":1,"loc":{"start":{"line":1,"column":1},"end":{"line":1,"column":11}}},"2":{"name":"(anonymous_2)","line":7,"loc":{"start":{"line":7,"column":29},"end":{"line":7,"column":41}}}},"statementMap":{"1":{"start":{"line":1,"column":0},"end":{"line":85,"column":5}},"2":{"start":{"line":2,"column":4},"end":{"line":2,"column":22}},"3":{"start":{"line":4,"column":4},"end":{"line":4,"column":39}},"4":{"start":{"line":5,"column":4},"end":{"line":5,"column":49}},"5":{"start":{"line":6,"column":4},"end":{"line":74,"column":23}},"6":{"start":{"line":8,"column":24},"end":{"line":10,"column":25}},"7":{"start":{"line":9,"column":28},"end":{"line":9,"column":61}},"8":{"start":{"line":11,"column":24},"end":{"line":13,"column":25}},"9":{"start":{"line":12,"column":28},"end":{"line":12,"column":65}},"10":{"start":{"line":14,"column":24},"end":{"line":16,"column":25}},"11":{"start":{"line":15,"column":28},"end":{"line":15,"column":63}},"12":{"start":{"line":17,"column":24},"end":{"line":19,"column":25}},"13":{"start":{"line":18,"column":28},"end":{"line":18,"column":62}},"14":{"start":{"line":20,"column":24},"end":{"line":22,"column":25}},"15":{"start":{"line":21,"column":28},"end":{"line":21,"column":61}},"16":{"start":{"line":23,"column":24},"end":{"line":25,"column":25}},"17":{"start":{"line":24,"column":28},"end":{"line":24,"column":62}},"18":{"start":{"line":26,"column":24},"end":{"line":28,"column":25}},"19":{"start":{"line":27,"column":28},"end":{"line":27,"column":68}},"20":{"start":{"line":29,"column":24},"end":{"line":37,"column":25}},"21":{"start":{"line":30,"column":28},"end":{"line":36,"column":29}},"22":{"start":{"line":31,"column":32},"end":{"line":31,"column":87}},"23":{"start":{"line":33,"column":32},"end":{"line":35,"column":33}},"24":{"start":{"line":34,"column":36},"end":{"line":34,"column":123}},"25":{"start":{"line":38,"column":24},"end":{"line":40,"column":25}},"26":{"start":{"line":39,"column":28},"end":{"line":39,"column":72}},"27":{"start":{"line":41,"column":24},"end":{"line":43,"column":25}},"28":{"start":{"line":42,"column":28},"end":{"line":42,"column":69}},"29":{"start":{"line":44,"column":24},"end":{"line":73,"column":25}},"30":{"start":{"line":45,"column":28},"end":{"line":45,"column":61}},"31":{"start":{"line":46,"column":28},"end":{"line":48,"column":29}},"32":{"start":{"line":47,"column":32},"end":{"line":47,"column":68}},"33":{"start":{"line":49,"column":28},"end":{"line":51,"column":29}},"34":{"start":{"line":50,"column":32},"end":{"line":50,"column":60}},"35":{"start":{"line":52,"column":28},"end":{"line":54,"column":29}},"36":{"start":{"line":53,"column":32},"end":{"line":53,"column":61}},"37":{"start":{"line":55,"column":28},"end":{"line":57,"column":29}},"38":{"start":{"line":56,"column":32},"end":{"line":56,"column":65}},"39":{"start":{"line":58,"column":28},"end":{"line":60,"column":29}},"40":{"start":{"line":59,"column":32},"end":{"line":59,"column":60}},"41":{"start":{"line":61,"column":28},"end":{"line":63,"column":29}},"42":{"start":{"line":62,"column":32},"end":{"line":62,"column":56}},"43":{"start":{"line":64,"column":28},"end":{"line":66,"column":29}},"44":{"start":{"line":65,"column":32},"end":{"line":65,"column":61}},"45":{"start":{"line":67,"column":28},"end":{"line":69,"column":29}},"46":{"start":{"line":68,"column":32},"end":{"line":68,"column":59}},"47":{"start":{"line":70,"column":29},"end":{"line":72,"column":29}},"48":{"start":{"line":71,"column":32},"end":{"line":71,"column":66}},"49":{"start":{"line":75,"column":4},"end":{"line":75,"column":32}},"50":{"start":{"line":77,"column":4},"end":{"line":79,"column":5}},"51":{"start":{"line":78,"column":8},"end":{"line":78,"column":50}},"52":{"start":{"line":82,"column":4},"end":{"line":84,"column":5}},"53":{"start":{"line":83,"column":8},"end":{"line":83,"column":31}}},"branchMap":{"1":{"line":8,"type":"if","locations":[{"start":{"line":8,"column":24},"end":{"line":8,"column":24}},{"start":{"line":8,"column":24},"end":{"line":8,"column":24}}]},"2":{"line":11,"type":"if","locations":[{"start":{"line":11,"column":24},"end":{"line":11,"column":24}},{"start":{"line":11,"column":24},"end":{"line":11,"column":24}}]},"3":{"line":14,"type":"if","locations":[{"start":{"line":14,"column":24},"end":{"line":14,"column":24}},{"start":{"line":14,"column":24},"end":{"line":14,"column":24}}]},"4":{"line":17,"type":"if","locations":[{"start":{"line":17,"column":24},"end":{"line":17,"column":24}},{"start":{"line":17,"column":24},"end":{"line":17,"column":24}}]},"5":{"line":20,"type":"if","locations":[{"start":{"line":20,"column":24},"end":{"line":20,"column":24}},{"start":{"line":20,"column":24},"end":{"line":20,"column":24}}]},"6":{"line":23,"type":"if","locations":[{"start":{"line":23,"column":24},"end":{"line":23,"column":24}},{"start":{"line":23,"column":24},"end":{"line":23,"column":24}}]},"7":{"line":26,"type":"if","locations":[{"start":{"line":26,"column":24},"end":{"line":26,"column":24}},{"start":{"line":26,"column":24},"end":{"line":26,"column":24}}]},"8":{"line":29,"type":"if","locations":[{"start":{"line":29,"column":24},"end":{"line":29,"column":24}},{"start":{"line":29,"column":24},"end":{"line":29,"column":24}}]},"9":{"line":33,"type":"if","locations":[{"start":{"line":33,"column":32},"end":{"line":33,"column":32}},{"start":{"line":33,"column":32},"end":{"line":33,"column":32}}]},"10":{"line":38,"type":"if","locations":[{"start":{"line":38,"column":24},"end":{"line":38,"column":24}},{"start":{"line":38,"column":24},"end":{"line":38,"column":24}}]},"11":{"line":41,"type":"if","locations":[{"start":{"line":41,"column":24},"end":{"line":41,"column":24}},{"start":{"line":41,"column":24},"end":{"line":41,"column":24}}]},"12":{"line":44,"type":"if","locations":[{"start":{"line":44,"column":24},"end":{"line":44,"column":24}},{"start":{"line":44,"column":24},"end":{"line":44,"column":24}}]},"13":{"line":46,"type":"if","locations":[{"start":{"line":46,"column":28},"end":{"line":46,"column":28}},{"start":{"line":46,"column":28},"end":{"line":46,"column":28}}]},"14":{"line":49,"type":"if","locations":[{"start":{"line":49,"column":28},"end":{"line":49,"column":28}},{"start":{"line":49,"column":28},"end":{"line":49,"column":28}}]},"15":{"line":52,"type":"if","locations":[{"start":{"line":52,"column":28},"end":{"line":52,"column":28}},{"start":{"line":52,"column":28},"end":{"line":52,"column":28}}]},"16":{"line":55,"type":"if","locations":[{"start":{"line":55,"column":28},"end":{"line":55,"column":28}},{"start":{"line":55,"column":28},"end":{"line":55,"column":28}}]},"17":{"line":58,"type":"if","locations":[{"start":{"line":58,"column":28},"end":{"line":58,"column":28}},{"start":{"line":58,"column":28},"end":{"line":58,"column":28}}]},"18":{"line":61,"type":"if","locations":[{"start":{"line":61,"column":28},"end":{"line":61,"column":28}},{"start":{"line":61,"column":28},"end":{"line":61,"column":28}}]},"19":{"line":64,"type":"if","locations":[{"start":{"line":64,"column":28},"end":{"line":64,"column":28}},{"start":{"line":64,"column":28},"end":{"line":64,"column":28}}]},"20":{"line":67,"type":"if","locations":[{"start":{"line":67,"column":28},"end":{"line":67,"column":28}},{"start":{"line":67,"column":28},"end":{"line":67,"column":28}}]},"21":{"line":70,"type":"if","locations":[{"start":{"line":70,"column":29},"end":{"line":70,"column":29}},{"start":{"line":70,"column":29},"end":{"line":70,"column":29}}]},"22":{"line":77,"type":"if","locations":[{"start":{"line":77,"column":4},"end":{"line":77,"column":4}},{"start":{"line":77,"column":4},"end":{"line":77,"column":4}}]},"23":{"line":82,"type":"if","locations":[{"start":{"line":82,"column":4},"end":{"line":82,"column":4}},{"start":{"line":82,"column":4},"end":{"line":82,"column":4}}]}},"code":["(function(){","    var newOptions={};","    //http://stackoverflow.com/a/2954896","    var toArray =Array.prototype.slice;","    var scripts = toArray.call(document.scripts);","    toArray.call(scripts[scripts.length - 1].attributes)","                    .forEach(function(es){","                        if(es.nodeName === \"data-cover-only\"){","                            newOptions.filter = es.nodeValue;","                        }","                        if(es.nodeName === \"data-cover-never\"){","                            newOptions.antifilter = es.nodeValue;","                        }","                        if(es.nodeName === \"data-cover-reporter\"){","                            newOptions.reporter = es.nodeValue;","                        }","                        if (es.nodeName === \"data-cover-adapter\"){","                            newOptions.adapter = es.nodeValue;","                        }","                        if (es.nodeName === \"data-cover-loader\"){","                            newOptions.loader = es.nodeValue;","                        }","                        if (es.nodeName === \"data-cover-timeout\"){","                            newOptions.timeout = es.nodeValue;","                        }","                        if (es.nodeName === \"data-cover-modulepattern\") {","                            newOptions.modulePattern = es.nodeValue;","                        }","                        if (es.nodeName === \"data-cover-reporter-options\"){","                            try{","                                newOptions.reporter_options = JSON.parse(es.nodeValue);","                            }catch(e){","                                if (blanket.options(\"debug\")){","                                    throw new Error(\"Invalid reporter options.  Must be a valid stringified JSON object.\");","                                }","                            }","                        }","                        if (es.nodeName.toLowerCase() === \"data-cover-testreadycallback\"){","                            newOptions.testReadyCallback = es.nodeValue;","                        }","                        if (es.nodeName.toLowerCase() === \"data-cover-customvariable\"){","                            newOptions.customVariable = es.nodeValue;","                        }","                        if (es.nodeName === \"data-cover-flags\"){","                            var flags = \" \"+es.nodeValue+\" \";","                            if (flags.indexOf(\" ignoreError \") > -1){","                                newOptions.ignoreScriptError = true;","                            }","                            if (flags.indexOf(\" autoStart \") > -1){","                                newOptions.autoStart = true;","                            }","                            if (flags.indexOf(\" ignoreCors \") > -1){","                                newOptions.ignoreCors = true;","                            }","                            if (flags.indexOf(\" branchTracking \") > -1){","                                newOptions.branchTracking = true;","                            }","                            if (flags.indexOf(\" sourceURL \") > -1){","                                newOptions.sourceURL = true;","                            }","                            if (flags.indexOf(\" debug \") > -1){","                                newOptions.debug = true;","                            }","                            if (flags.indexOf(\" engineOnly \") > -1){","                                newOptions.engineOnly = true;","                            }","                            if (flags.indexOf(\" commonJS \") > -1){","                                newOptions.commonJS = true;","                            }","                             if (flags.indexOf(\" instrumentCache \") > -1){","                                newOptions.instrumentCache = true;","                            }","                        }","                    });","    blanket.options(newOptions);","","    if (typeof requirejs !== 'undefined'){","        blanket.options(\"existingRequireJS\",true);","    }","    /* setup requirejs loader, if needed */","    ","    if (blanket.options(\"commonJS\")){","        blanket._commonjs = {};","    }","})();",""],"l":{"1":2,"2":2,"4":2,"5":2,"6":0,"8":0,"9":0,"11":0,"12":0,"14":0,"15":0,"17":0,"18":0,"20":0,"21":0,"23":0,"24":0,"26":0,"27":0,"29":0,"30":0,"31":0,"33":0,"34":0,"38":0,"39":0,"41":0,"42":0,"44":0,"45":0,"46":0,"47":0,"49":0,"50":0,"52":0,"53":0,"55":0,"56":0,"58":0,"59":0,"61":0,"62":0,"64":0,"65":0,"67":0,"68":0,"70":0,"71":0,"75":0,"77":0,"78":0,"82":0,"83":0}}}